2025-02-09 00:56:58,553 [Worker-4] INFO  o.e.m.c.i.p.ProjectConfigurationManager - Collecting project info '/pom.xml' C:\Users\brian\Escritorio\LP 3\LPII_CL2_ACU헤CAMPOSBRIAN\LPII_CL2_ACUNACAMPOSBRIAN\pom.xml
2025-02-09 00:57:01,737 [Worker-4] INFO  o.e.m.c.i.l.LifecycleMappingFactory - Using org.maven.ide.eclipse.wtp.WarLifecycleMapping lifecycle mapping for MavenProject: Maven.com.jpa:LPII_CL2_ACUNACAMPOSBRIAN:0.0.1-SNAPSHOT @ C:\Users\brian\Escritorio\LP 3\LPII_CL2_ACU헤CAMPOSBRIAN\LPII_CL2_ACUNACAMPOSBRIAN\pom.xml.
2025-02-09 00:57:03,411 [Worker-4] INFO  o.e.m.j.i.AbstractJavaProjectConfigurator - Adding source folder /LPII_CL2_ACUNACAMPOSBRIAN/src/main/java
2025-02-09 00:57:03,412 [Worker-4] INFO  o.e.m.j.i.AbstractJavaProjectConfigurator - Adding resource folder /LPII_CL2_ACUNACAMPOSBRIAN/src/main/resources
2025-02-09 00:57:03,413 [Worker-4] INFO  o.e.m.j.i.AbstractJavaProjectConfigurator - Adding source folder /LPII_CL2_ACUNACAMPOSBRIAN/src/test/java
2025-02-09 00:57:06,810 [Worker-4] INFO  o.e.m.c.i.p.ProjectConfigurationManager - Imported and configured 1 project(s) in 8 sec
2025-02-09 00:57:07,882 [Worker-11] WARN  o.e.m.c.i.embedder.EclipseLogger - Using platform encoding (Cp1252 actually) to copy filtered resources, i.e. build is platform dependent!
2025-02-09 00:57:07,910 [Worker-11] INFO  o.e.m.c.i.embedder.EclipseLogger - Copying 0 resource
2025-02-09 00:57:07,912 [Worker-11] WARN  o.e.m.c.i.embedder.EclipseLogger - Using platform encoding (Cp1252 actually) to copy filtered resources, i.e. build is platform dependent!
2025-02-09 00:57:07,912 [Worker-11] INFO  o.e.m.c.i.embedder.EclipseLogger - skip non existing resourceDirectory C:\Users\brian\Escritorio\LP 3\LPII_CL2_ACU헤CAMPOSBRIAN\LPII_CL2_ACUNACAMPOSBRIAN\src\test\resources
2025-02-09 00:57:26,168 [Worker-11] WARN  o.e.m.c.i.embedder.EclipseLogger - Using platform encoding (Cp1252 actually) to copy filtered resources, i.e. build is platform dependent!
2025-02-09 00:57:26,170 [Worker-11] INFO  o.e.m.c.i.embedder.EclipseLogger - Copying 0 resource
2025-02-09 00:57:26,171 [Worker-11] WARN  o.e.m.c.i.embedder.EclipseLogger - Using platform encoding (Cp1252 actually) to copy filtered resources, i.e. build is platform dependent!
2025-02-09 00:57:26,172 [Worker-11] INFO  o.e.m.c.i.embedder.EclipseLogger - skip non existing resourceDirectory C:\Users\brian\Escritorio\LP 3\LPII_CL2_ACU헤CAMPOSBRIAN\LPII_CL2_ACUNACAMPOSBRIAN\src\test\resources
2025-02-09 01:02:41,243 [Worker-22] INFO  o.e.m.c.i.l.LifecycleMappingFactory - Using org.maven.ide.eclipse.wtp.WarLifecycleMapping lifecycle mapping for MavenProject: Maven.com.jpa:LPII_CL2_ACUNACAMPOSBRIAN:0.0.1-SNAPSHOT @ C:\Users\brian\Escritorio\LP 3\LPII_CL2_ACU헤CAMPOSBRIAN\LPII_CL2_ACUNACAMPOSBRIAN\pom.xml.
2025-02-09 01:02:41,404 [Worker-22] WARN  o.e.m.c.i.embedder.EclipseLogger - The artifact mysql:mysql-connector-java:jar:8.0.33 has been relocated to com.mysql:mysql-connector-j:jar:8.0.33
2025-02-09 01:02:41,446 [Worker-22] WARN  o.e.m.c.i.embedder.EclipseLogger - The artifact mysql:mysql-connector-java:jar:8.0.33 has been relocated to com.mysql:mysql-connector-j:jar:8.0.33
2025-02-09 01:02:41,752 [Worker-22] WARN  o.e.m.c.i.embedder.EclipseLogger - The artifact mysql:mysql-connector-java:jar:8.0.33 has been relocated to com.mysql:mysql-connector-j:jar:8.0.33
2025-02-09 01:02:42,268 [Worker-22] WARN  o.e.m.c.i.embedder.EclipseLogger - Using platform encoding (Cp1252 actually) to copy filtered resources, i.e. build is platform dependent!
2025-02-09 01:02:42,270 [Worker-22] INFO  o.e.m.c.i.embedder.EclipseLogger - Copying 0 resource
2025-02-09 01:02:42,271 [Worker-22] WARN  o.e.m.c.i.embedder.EclipseLogger - Using platform encoding (Cp1252 actually) to copy filtered resources, i.e. build is platform dependent!
2025-02-09 01:02:42,272 [Worker-22] INFO  o.e.m.c.i.embedder.EclipseLogger - skip non existing resourceDirectory C:\Users\brian\Escritorio\LP 3\LPII_CL2_ACU헤CAMPOSBRIAN\LPII_CL2_ACUNACAMPOSBRIAN\src\test\resources
2025-02-09 01:02:42,273 [Worker-22] INFO  o.e.m.w.i.f.ResourceFilteringBuildParticipant - Changed resources require a complete clean of filtered resources of LPII_CL2_ACUNACAMPOSBRIAN
2025-02-09 01:02:42,276 [Worker-22] INFO  o.e.m.w.i.f.ResourceFilteringBuildParticipant - Executing resource filtering for LPII_CL2_ACUNACAMPOSBRIAN
2025-02-09 01:02:42,282 [Worker-22] WARN  o.e.m.c.i.embedder.EclipseLogger - Using platform encoding (Cp1252 actually) to copy filtered resources, i.e. build is platform dependent!
2025-02-09 01:02:43,365 [Worker-24] WARN  o.e.m.c.i.embedder.EclipseLogger - The artifact mysql:mysql-connector-java:jar:8.0.33 has been relocated to com.mysql:mysql-connector-j:jar:8.0.33
2025-02-09 01:02:43,381 [Worker-24] WARN  o.e.m.c.i.embedder.EclipseLogger - Using platform encoding (Cp1252 actually) to copy filtered resources, i.e. build is platform dependent!
2025-02-09 01:02:43,382 [Worker-24] INFO  o.e.m.c.i.embedder.EclipseLogger - Copying 0 resource
2025-02-09 01:02:43,383 [Worker-24] WARN  o.e.m.c.i.embedder.EclipseLogger - Using platform encoding (Cp1252 actually) to copy filtered resources, i.e. build is platform dependent!
2025-02-09 01:02:43,384 [Worker-24] INFO  o.e.m.c.i.embedder.EclipseLogger - skip non existing resourceDirectory C:\Users\brian\Escritorio\LP 3\LPII_CL2_ACU헤CAMPOSBRIAN\LPII_CL2_ACUNACAMPOSBRIAN\src\test\resources
2025-02-09 01:03:43,048 [Worker-19] INFO  o.e.m.c.i.p.ProjectConfigurationManager - Update started
2025-02-09 01:03:43,433 [Worker-19] INFO  o.e.m.c.i.l.LifecycleMappingFactory - Using org.maven.ide.eclipse.wtp.WarLifecycleMapping lifecycle mapping for MavenProject: Maven.com.jpa:LPII_CL2_ACUNACAMPOSBRIAN:0.0.1-SNAPSHOT @ C:\Users\brian\Escritorio\LP 3\LPII_CL2_ACU헤CAMPOSBRIAN\LPII_CL2_ACUNACAMPOSBRIAN\pom.xml.
2025-02-09 01:03:43,457 [Worker-19] WARN  o.e.m.c.i.embedder.EclipseLogger - The artifact mysql:mysql-connector-java:jar:8.0.33 has been relocated to com.mysql:mysql-connector-j:jar:8.0.33
2025-02-09 01:03:43,491 [Worker-19] WARN  o.e.m.c.i.embedder.EclipseLogger - The artifact mysql:mysql-connector-java:jar:8.0.33 has been relocated to com.mysql:mysql-connector-j:jar:8.0.33
2025-02-09 01:03:43,782 [Worker-19] WARN  o.e.m.c.i.embedder.EclipseLogger - The artifact mysql:mysql-connector-java:jar:8.0.33 has been relocated to com.mysql:mysql-connector-j:jar:8.0.33
2025-02-09 01:03:43,932 [Worker-19] INFO  o.e.m.j.i.AbstractJavaProjectConfigurator - Adding source folder /LPII_CL2_ACUNACAMPOSBRIAN/src/main/java
2025-02-09 01:03:43,932 [Worker-19] INFO  o.e.m.j.i.AbstractJavaProjectConfigurator - Adding resource folder /LPII_CL2_ACUNACAMPOSBRIAN/src/main/resources
2025-02-09 01:03:43,932 [Worker-19] INFO  o.e.m.j.i.AbstractJavaProjectConfigurator - Adding source folder /LPII_CL2_ACUNACAMPOSBRIAN/src/test/java
2025-02-09 01:03:44,397 [Worker-19] WARN  o.e.m.c.i.embedder.EclipseLogger - The artifact mysql:mysql-connector-java:jar:8.0.33 has been relocated to com.mysql:mysql-connector-j:jar:8.0.33
2025-02-09 01:03:44,528 [Worker-19] INFO  o.e.m.w.i.f.ResourceFilteringBuildParticipant - Cleaning filtered folder for LPII_CL2_ACUNACAMPOSBRIAN
2025-02-09 01:03:44,533 [Worker-19] INFO  o.e.m.c.i.p.ProjectConfigurationManager - Update completed: 1 sec
2025-02-09 01:03:45,089 [Worker-26] WARN  o.e.m.c.i.embedder.EclipseLogger - The artifact mysql:mysql-connector-java:jar:8.0.33 has been relocated to com.mysql:mysql-connector-j:jar:8.0.33
2025-02-09 01:03:45,114 [Worker-26] WARN  o.e.m.c.i.embedder.EclipseLogger - Using platform encoding (Cp1252 actually) to copy filtered resources, i.e. build is platform dependent!
2025-02-09 01:03:45,115 [Worker-26] INFO  o.e.m.c.i.embedder.EclipseLogger - Copying 0 resource
2025-02-09 01:03:45,118 [Worker-26] WARN  o.e.m.c.i.embedder.EclipseLogger - Using platform encoding (Cp1252 actually) to copy filtered resources, i.e. build is platform dependent!
2025-02-09 01:03:45,118 [Worker-26] INFO  o.e.m.c.i.embedder.EclipseLogger - skip non existing resourceDirectory C:\Users\brian\Escritorio\LP 3\LPII_CL2_ACU헤CAMPOSBRIAN\LPII_CL2_ACUNACAMPOSBRIAN\src\test\resources
2025-02-09 01:03:45,119 [Worker-26] INFO  o.e.m.w.i.f.ResourceFilteringBuildParticipant - Changed resources require a complete clean of filtered resources of LPII_CL2_ACUNACAMPOSBRIAN
2025-02-09 01:03:45,119 [Worker-26] INFO  o.e.m.w.i.f.ResourceFilteringBuildParticipant - Executing resource filtering for LPII_CL2_ACUNACAMPOSBRIAN
2025-02-09 01:03:45,122 [Worker-26] WARN  o.e.m.c.i.embedder.EclipseLogger - Using platform encoding (Cp1252 actually) to copy filtered resources, i.e. build is platform dependent!
2025-02-09 01:03:45,322 [Worker-19] WARN  o.e.m.c.i.embedder.EclipseLogger - Using platform encoding (Cp1252 actually) to copy filtered resources, i.e. build is platform dependent!
2025-02-09 01:03:45,327 [Worker-19] INFO  o.e.m.c.i.embedder.EclipseLogger - Copying 0 resource
2025-02-09 01:03:45,329 [Worker-19] WARN  o.e.m.c.i.embedder.EclipseLogger - Using platform encoding (Cp1252 actually) to copy filtered resources, i.e. build is platform dependent!
2025-02-09 01:03:45,329 [Worker-19] INFO  o.e.m.c.i.embedder.EclipseLogger - skip non existing resourceDirectory C:\Users\brian\Escritorio\LP 3\LPII_CL2_ACU헤CAMPOSBRIAN\LPII_CL2_ACUNACAMPOSBRIAN\src\test\resources
2025-02-09 01:08:39,938 [Worker-43] WARN  o.e.m.c.i.embedder.EclipseLogger - Using platform encoding (Cp1252 actually) to copy filtered resources, i.e. build is platform dependent!
2025-02-09 01:08:39,939 [Worker-43] INFO  o.e.m.c.i.embedder.EclipseLogger - Copying 0 resource
2025-02-09 01:08:39,940 [Worker-43] WARN  o.e.m.c.i.embedder.EclipseLogger - Using platform encoding (Cp1252 actually) to copy filtered resources, i.e. build is platform dependent!
2025-02-09 01:08:39,941 [Worker-43] INFO  o.e.m.c.i.embedder.EclipseLogger - skip non existing resourceDirectory C:\Users\brian\Escritorio\LP 3\LPII_CL2_ACU헤CAMPOSBRIAN\LPII_CL2_ACUNACAMPOSBRIAN\src\test\resources
2025-02-09 01:09:03,377 [Worker-41] INFO  o.e.m.c.i.p.ProjectConfigurationManager - Update started
2025-02-09 01:09:03,761 [Worker-41] INFO  o.e.m.c.i.l.LifecycleMappingFactory - Using org.maven.ide.eclipse.wtp.WarLifecycleMapping lifecycle mapping for MavenProject: Maven.com.jpa:LPII_CL2_ACUNACAMPOSBRIAN:0.0.1-SNAPSHOT @ C:\Users\brian\Escritorio\LP 3\LPII_CL2_ACU헤CAMPOSBRIAN\LPII_CL2_ACUNACAMPOSBRIAN\pom.xml.
2025-02-09 01:09:03,787 [Worker-41] WARN  o.e.m.c.i.embedder.EclipseLogger - The artifact mysql:mysql-connector-java:jar:8.0.33 has been relocated to com.mysql:mysql-connector-j:jar:8.0.33
2025-02-09 01:09:03,826 [Worker-41] WARN  o.e.m.c.i.embedder.EclipseLogger - The artifact mysql:mysql-connector-java:jar:8.0.33 has been relocated to com.mysql:mysql-connector-j:jar:8.0.33
2025-02-09 01:09:04,136 [Worker-41] WARN  o.e.m.c.i.embedder.EclipseLogger - The artifact mysql:mysql-connector-java:jar:8.0.33 has been relocated to com.mysql:mysql-connector-j:jar:8.0.33
2025-02-09 01:09:04,262 [Worker-41] INFO  o.e.m.j.i.AbstractJavaProjectConfigurator - Adding source folder /LPII_CL2_ACUNACAMPOSBRIAN/src/main/java
2025-02-09 01:09:04,262 [Worker-41] INFO  o.e.m.j.i.AbstractJavaProjectConfigurator - Adding resource folder /LPII_CL2_ACUNACAMPOSBRIAN/src/main/resources
2025-02-09 01:09:04,262 [Worker-41] INFO  o.e.m.j.i.AbstractJavaProjectConfigurator - Adding source folder /LPII_CL2_ACUNACAMPOSBRIAN/src/test/java
2025-02-09 01:09:04,597 [Worker-41] WARN  o.e.m.c.i.embedder.EclipseLogger - The artifact mysql:mysql-connector-java:jar:8.0.33 has been relocated to com.mysql:mysql-connector-j:jar:8.0.33
2025-02-09 01:09:04,649 [Worker-41] INFO  o.e.m.w.i.f.ResourceFilteringBuildParticipant - Cleaning filtered folder for LPII_CL2_ACUNACAMPOSBRIAN
2025-02-09 01:09:04,653 [Worker-41] INFO  o.e.m.c.i.p.ProjectConfigurationManager - Update completed: 1 sec
2025-02-09 01:09:05,107 [Worker-40] WARN  o.e.m.c.i.embedder.EclipseLogger - The artifact mysql:mysql-connector-java:jar:8.0.33 has been relocated to com.mysql:mysql-connector-j:jar:8.0.33
2025-02-09 01:09:05,128 [Worker-40] WARN  o.e.m.c.i.embedder.EclipseLogger - Using platform encoding (Cp1252 actually) to copy filtered resources, i.e. build is platform dependent!
2025-02-09 01:09:05,129 [Worker-40] INFO  o.e.m.c.i.embedder.EclipseLogger - Copying 0 resource
2025-02-09 01:09:05,131 [Worker-40] WARN  o.e.m.c.i.embedder.EclipseLogger - Using platform encoding (Cp1252 actually) to copy filtered resources, i.e. build is platform dependent!
2025-02-09 01:09:05,131 [Worker-40] INFO  o.e.m.c.i.embedder.EclipseLogger - skip non existing resourceDirectory C:\Users\brian\Escritorio\LP 3\LPII_CL2_ACU헤CAMPOSBRIAN\LPII_CL2_ACUNACAMPOSBRIAN\src\test\resources
2025-02-09 01:09:05,132 [Worker-40] INFO  o.e.m.w.i.f.ResourceFilteringBuildParticipant - Changed resources require a complete clean of filtered resources of LPII_CL2_ACUNACAMPOSBRIAN
2025-02-09 01:09:05,132 [Worker-40] INFO  o.e.m.w.i.f.ResourceFilteringBuildParticipant - Executing resource filtering for LPII_CL2_ACUNACAMPOSBRIAN
2025-02-09 01:09:05,135 [Worker-40] WARN  o.e.m.c.i.embedder.EclipseLogger - Using platform encoding (Cp1252 actually) to copy filtered resources, i.e. build is platform dependent!
2025-02-09 01:09:13,153 [Worker-45] INFO  o.e.m.c.i.p.ProjectConfigurationManager - Update started
2025-02-09 01:09:13,518 [Worker-45] INFO  o.e.m.c.i.l.LifecycleMappingFactory - Using org.maven.ide.eclipse.wtp.WarLifecycleMapping lifecycle mapping for MavenProject: Maven.com.jpa:LPII_CL2_ACUNACAMPOSBRIAN:0.0.1-SNAPSHOT @ C:\Users\brian\Escritorio\LP 3\LPII_CL2_ACU헤CAMPOSBRIAN\LPII_CL2_ACUNACAMPOSBRIAN\pom.xml.
2025-02-09 01:09:13,544 [Worker-45] WARN  o.e.m.c.i.embedder.EclipseLogger - The artifact mysql:mysql-connector-java:jar:8.0.33 has been relocated to com.mysql:mysql-connector-j:jar:8.0.33
2025-02-09 01:09:13,578 [Worker-45] WARN  o.e.m.c.i.embedder.EclipseLogger - The artifact mysql:mysql-connector-java:jar:8.0.33 has been relocated to com.mysql:mysql-connector-j:jar:8.0.33
2025-02-09 01:09:13,868 [Worker-45] WARN  o.e.m.c.i.embedder.EclipseLogger - The artifact mysql:mysql-connector-java:jar:8.0.33 has been relocated to com.mysql:mysql-connector-j:jar:8.0.33
2025-02-09 01:09:13,995 [Worker-45] INFO  o.e.m.j.i.AbstractJavaProjectConfigurator - Adding source folder /LPII_CL2_ACUNACAMPOSBRIAN/src/main/java
2025-02-09 01:09:13,996 [Worker-45] INFO  o.e.m.j.i.AbstractJavaProjectConfigurator - Adding resource folder /LPII_CL2_ACUNACAMPOSBRIAN/src/main/resources
2025-02-09 01:09:13,996 [Worker-45] INFO  o.e.m.j.i.AbstractJavaProjectConfigurator - Adding source folder /LPII_CL2_ACUNACAMPOSBRIAN/src/test/java
2025-02-09 01:09:14,233 [Worker-45] WARN  o.e.m.c.i.embedder.EclipseLogger - The artifact mysql:mysql-connector-java:jar:8.0.33 has been relocated to com.mysql:mysql-connector-j:jar:8.0.33
2025-02-09 01:09:14,273 [Worker-45] INFO  o.e.m.w.i.f.ResourceFilteringBuildParticipant - Cleaning filtered folder for LPII_CL2_ACUNACAMPOSBRIAN
2025-02-09 01:09:14,279 [Worker-45] INFO  o.e.m.c.i.p.ProjectConfigurationManager - Update completed: 1 sec
2025-02-09 01:09:14,682 [Worker-41] WARN  o.e.m.c.i.embedder.EclipseLogger - The artifact mysql:mysql-connector-java:jar:8.0.33 has been relocated to com.mysql:mysql-connector-j:jar:8.0.33
2025-02-09 01:09:14,702 [Worker-41] WARN  o.e.m.c.i.embedder.EclipseLogger - Using platform encoding (Cp1252 actually) to copy filtered resources, i.e. build is platform dependent!
2025-02-09 01:09:14,703 [Worker-41] INFO  o.e.m.c.i.embedder.EclipseLogger - Copying 0 resource
2025-02-09 01:09:14,704 [Worker-41] WARN  o.e.m.c.i.embedder.EclipseLogger - Using platform encoding (Cp1252 actually) to copy filtered resources, i.e. build is platform dependent!
2025-02-09 01:09:14,705 [Worker-41] INFO  o.e.m.c.i.embedder.EclipseLogger - skip non existing resourceDirectory C:\Users\brian\Escritorio\LP 3\LPII_CL2_ACU헤CAMPOSBRIAN\LPII_CL2_ACUNACAMPOSBRIAN\src\test\resources
2025-02-09 01:09:14,705 [Worker-41] INFO  o.e.m.w.i.f.ResourceFilteringBuildParticipant - Changed resources require a complete clean of filtered resources of LPII_CL2_ACUNACAMPOSBRIAN
2025-02-09 01:09:14,705 [Worker-41] INFO  o.e.m.w.i.f.ResourceFilteringBuildParticipant - Executing resource filtering for LPII_CL2_ACUNACAMPOSBRIAN
2025-02-09 01:09:14,710 [Worker-41] WARN  o.e.m.c.i.embedder.EclipseLogger - Using platform encoding (Cp1252 actually) to copy filtered resources, i.e. build is platform dependent!
2025-02-09 01:20:26,680 [Worker-51] INFO  o.e.m.c.i.p.ProjectConfigurationManager - Update started
2025-02-09 01:20:27,312 [Worker-51] INFO  o.e.m.c.i.l.LifecycleMappingFactory - Using org.maven.ide.eclipse.wtp.WarLifecycleMapping lifecycle mapping for MavenProject: Maven.com.jpa:LPII_CL2_ACUNACAMPOSBRIAN:0.0.1-SNAPSHOT @ C:\Users\brian\Escritorio\LP 3\LPII_CL2_ACU헤CAMPOSBRIAN\LPII_CL2_ACUNACAMPOSBRIAN\pom.xml.
2025-02-09 01:20:27,335 [Worker-51] WARN  o.e.m.c.i.embedder.EclipseLogger - The artifact mysql:mysql-connector-java:jar:8.0.33 has been relocated to com.mysql:mysql-connector-j:jar:8.0.33
2025-02-09 01:20:27,366 [Worker-51] WARN  o.e.m.c.i.embedder.EclipseLogger - The artifact mysql:mysql-connector-java:jar:8.0.33 has been relocated to com.mysql:mysql-connector-j:jar:8.0.33
2025-02-09 01:20:27,687 [Worker-51] WARN  o.e.m.c.i.embedder.EclipseLogger - The artifact mysql:mysql-connector-java:jar:8.0.33 has been relocated to com.mysql:mysql-connector-j:jar:8.0.33
2025-02-09 01:20:28,109 [Worker-51] INFO  o.e.m.j.i.AbstractJavaProjectConfigurator - Adding source folder /LPII_CL2_ACUNACAMPOSBRIAN/src/main/java
2025-02-09 01:20:28,110 [Worker-51] INFO  o.e.m.j.i.AbstractJavaProjectConfigurator - Adding resource folder /LPII_CL2_ACUNACAMPOSBRIAN/src/main/resources
2025-02-09 01:20:28,110 [Worker-51] INFO  o.e.m.j.i.AbstractJavaProjectConfigurator - Adding source folder /LPII_CL2_ACUNACAMPOSBRIAN/src/test/java
2025-02-09 01:20:28,436 [Worker-51] WARN  o.e.m.c.i.embedder.EclipseLogger - The artifact mysql:mysql-connector-java:jar:8.0.33 has been relocated to com.mysql:mysql-connector-j:jar:8.0.33
2025-02-09 01:20:28,489 [Worker-51] INFO  o.e.m.w.i.f.ResourceFilteringBuildParticipant - Cleaning filtered folder for LPII_CL2_ACUNACAMPOSBRIAN
2025-02-09 01:20:28,493 [Worker-51] INFO  o.e.m.c.i.p.ProjectConfigurationManager - Update completed: 1 sec
2025-02-09 01:20:28,813 [Worker-51] WARN  o.e.m.c.i.embedder.EclipseLogger - The artifact mysql:mysql-connector-java:jar:8.0.33 has been relocated to com.mysql:mysql-connector-j:jar:8.0.33
2025-02-09 01:20:29,153 [Worker-51] WARN  o.e.m.c.i.embedder.EclipseLogger - Using platform encoding (Cp1252 actually) to copy filtered resources, i.e. build is platform dependent!
2025-02-09 01:20:29,154 [Worker-51] INFO  o.e.m.c.i.embedder.EclipseLogger - Copying 0 resource
2025-02-09 01:20:29,155 [Worker-51] WARN  o.e.m.c.i.embedder.EclipseLogger - Using platform encoding (Cp1252 actually) to copy filtered resources, i.e. build is platform dependent!
2025-02-09 01:20:29,156 [Worker-51] INFO  o.e.m.c.i.embedder.EclipseLogger - skip non existing resourceDirectory C:\Users\brian\Escritorio\LP 3\LPII_CL2_ACU헤CAMPOSBRIAN\LPII_CL2_ACUNACAMPOSBRIAN\src\test\resources
2025-02-09 01:20:29,156 [Worker-51] INFO  o.e.m.w.i.f.ResourceFilteringBuildParticipant - Changed resources require a complete clean of filtered resources of LPII_CL2_ACUNACAMPOSBRIAN
2025-02-09 01:20:29,156 [Worker-51] INFO  o.e.m.w.i.f.ResourceFilteringBuildParticipant - Executing resource filtering for LPII_CL2_ACUNACAMPOSBRIAN
2025-02-09 01:20:29,159 [Worker-51] WARN  o.e.m.c.i.embedder.EclipseLogger - Using platform encoding (Cp1252 actually) to copy filtered resources, i.e. build is platform dependent!
2025-02-09 01:22:01,737 [Worker-51] WARN  o.e.m.c.i.embedder.EclipseLogger - Using platform encoding (Cp1252 actually) to copy filtered resources, i.e. build is platform dependent!
2025-02-09 01:22:01,740 [Worker-51] INFO  o.e.m.c.i.embedder.EclipseLogger - Copying 2 resources
2025-02-09 01:22:01,762 [Worker-51] WARN  o.e.m.c.i.embedder.EclipseLogger - Using platform encoding (Cp1252 actually) to copy filtered resources, i.e. build is platform dependent!
2025-02-09 01:22:01,762 [Worker-51] INFO  o.e.m.c.i.embedder.EclipseLogger - skip non existing resourceDirectory C:\Users\brian\Escritorio\LP 3\LPII_CL2_ACU헤CAMPOSBRIAN\LPII_CL2_ACUNACAMPOSBRIAN\src\test\resources
2025-02-09 01:22:21,361 [Worker-54] WARN  o.e.m.c.i.embedder.EclipseLogger - Using platform encoding (Cp1252 actually) to copy filtered resources, i.e. build is platform dependent!
2025-02-09 01:22:21,362 [Worker-54] INFO  o.e.m.c.i.embedder.EclipseLogger - Copying 0 resource
2025-02-09 01:22:21,362 [Worker-54] WARN  o.e.m.c.i.embedder.EclipseLogger - Using platform encoding (Cp1252 actually) to copy filtered resources, i.e. build is platform dependent!
2025-02-09 01:22:21,363 [Worker-54] INFO  o.e.m.c.i.embedder.EclipseLogger - skip non existing resourceDirectory C:\Users\brian\Escritorio\LP 3\LPII_CL2_ACU헤CAMPOSBRIAN\LPII_CL2_ACUNACAMPOSBRIAN\src\test\resources
2025-02-09 01:31:28,852 [Worker-48] INFO  o.e.m.c.i.e.AbstractTransferListenerAdapter - Downloading https://repo.maven.apache.org/maven2/junit/junit/4.13.2/junit-4.13.2-sources.jar
2025-02-09 01:31:29,037 [Worker-48] INFO  o.e.m.c.i.e.AbstractTransferListenerAdapter - Downloaded https://repo.maven.apache.org/maven2/junit/junit/4.13.2/junit-4.13.2-sources.jar
2025-02-09 01:31:29,357 [Worker-48] INFO  o.e.m.j.internal.DownloadSourcesJob - Downloaded sources for junit:junit:4.13.2
2025-02-09 01:31:29,385 [Worker-48] INFO  o.e.m.c.i.e.AbstractTransferListenerAdapter - Downloading https://repo.maven.apache.org/maven2/org/hamcrest/hamcrest-core/1.3/hamcrest-core-1.3-sources.jar
2025-02-09 01:31:30,278 [Worker-48] INFO  o.e.m.c.i.e.AbstractTransferListenerAdapter - Downloaded https://repo.maven.apache.org/maven2/org/hamcrest/hamcrest-core/1.3/hamcrest-core-1.3-sources.jar
2025-02-09 01:31:31,059 [Worker-48] INFO  o.e.m.j.internal.DownloadSourcesJob - Downloaded sources for org.hamcrest:hamcrest-core:1.3
2025-02-09 01:31:31,086 [Worker-48] INFO  o.e.m.c.i.e.AbstractTransferListenerAdapter - Downloading https://repo.maven.apache.org/maven2/javax/servlet/javax.servlet-api/4.0.1/javax.servlet-api-4.0.1-sources.jar
2025-02-09 01:31:31,213 [Worker-48] INFO  o.e.m.c.i.e.AbstractTransferListenerAdapter - Downloaded https://repo.maven.apache.org/maven2/javax/servlet/javax.servlet-api/4.0.1/javax.servlet-api-4.0.1-sources.jar
2025-02-09 01:31:31,684 [Worker-48] INFO  o.e.m.j.internal.DownloadSourcesJob - Downloaded sources for javax.servlet:javax.servlet-api:4.0.1
2025-02-09 01:31:31,702 [Worker-48] INFO  o.e.m.c.i.e.AbstractTransferListenerAdapter - Downloading https://repo.maven.apache.org/maven2/com/mysql/mysql-connector-j/8.0.33/mysql-connector-j-8.0.33-sources.jar
2025-02-09 01:31:32,217 [Worker-48] INFO  o.e.m.c.i.e.AbstractTransferListenerAdapter - Downloaded https://repo.maven.apache.org/maven2/com/mysql/mysql-connector-j/8.0.33/mysql-connector-j-8.0.33-sources.jar
2025-02-09 01:31:32,678 [Worker-48] INFO  o.e.m.j.internal.DownloadSourcesJob - Downloaded sources for com.mysql:mysql-connector-j:8.0.33
2025-02-09 01:31:32,703 [Worker-48] INFO  o.e.m.c.i.e.AbstractTransferListenerAdapter - Downloading https://repo.maven.apache.org/maven2/com/google/protobuf/protobuf-java/3.21.9/protobuf-java-3.21.9-sources.jar
2025-02-09 01:31:33,077 [Worker-48] INFO  o.e.m.c.i.e.AbstractTransferListenerAdapter - Downloaded https://repo.maven.apache.org/maven2/com/google/protobuf/protobuf-java/3.21.9/protobuf-java-3.21.9-sources.jar
2025-02-09 01:31:33,356 [Worker-48] INFO  o.e.m.j.internal.DownloadSourcesJob - Downloaded sources for com.google.protobuf:protobuf-java:3.21.9
2025-02-09 01:31:33,541 [Worker-55] WARN  o.e.m.c.i.embedder.EclipseLogger - Using platform encoding (Cp1252 actually) to copy filtered resources, i.e. build is platform dependent!
2025-02-09 01:31:33,542 [Worker-55] INFO  o.e.m.c.i.embedder.EclipseLogger - Copying 0 resource
2025-02-09 01:31:33,542 [Worker-55] WARN  o.e.m.c.i.embedder.EclipseLogger - Using platform encoding (Cp1252 actually) to copy filtered resources, i.e. build is platform dependent!
2025-02-09 01:31:33,543 [Worker-55] INFO  o.e.m.c.i.embedder.EclipseLogger - skip non existing resourceDirectory C:\Users\brian\Escritorio\LP 3\LPII_CL2_ACU헤CAMPOSBRIAN\LPII_CL2_ACUNACAMPOSBRIAN\src\test\resources
2025-02-09 01:31:34,137 [Worker-55] INFO  o.e.m.c.i.p.ProjectConfigurationManager - Update started
2025-02-09 01:31:34,483 [Worker-55] INFO  o.e.m.c.i.l.LifecycleMappingFactory - Using org.maven.ide.eclipse.wtp.WarLifecycleMapping lifecycle mapping for MavenProject: Maven.com.jpa:LPII_CL2_ACUNACAMPOSBRIAN:0.0.1-SNAPSHOT @ C:\Users\brian\Escritorio\LP 3\LPII_CL2_ACU헤CAMPOSBRIAN\LPII_CL2_ACUNACAMPOSBRIAN\pom.xml.
2025-02-09 01:31:34,506 [Worker-55] WARN  o.e.m.c.i.embedder.EclipseLogger - The artifact mysql:mysql-connector-java:jar:8.0.33 has been relocated to com.mysql:mysql-connector-j:jar:8.0.33
2025-02-09 01:31:34,537 [Worker-55] WARN  o.e.m.c.i.embedder.EclipseLogger - The artifact mysql:mysql-connector-java:jar:8.0.33 has been relocated to com.mysql:mysql-connector-j:jar:8.0.33
2025-02-09 01:31:34,822 [Worker-55] WARN  o.e.m.c.i.embedder.EclipseLogger - The artifact mysql:mysql-connector-java:jar:8.0.33 has been relocated to com.mysql:mysql-connector-j:jar:8.0.33
2025-02-09 01:31:34,942 [Worker-55] INFO  o.e.m.j.i.AbstractJavaProjectConfigurator - Adding source folder /LPII_CL2_ACUNACAMPOSBRIAN/src/main/java
2025-02-09 01:31:34,942 [Worker-55] INFO  o.e.m.j.i.AbstractJavaProjectConfigurator - Adding resource folder /LPII_CL2_ACUNACAMPOSBRIAN/src/main/resources
2025-02-09 01:31:34,942 [Worker-55] INFO  o.e.m.j.i.AbstractJavaProjectConfigurator - Adding source folder /LPII_CL2_ACUNACAMPOSBRIAN/src/test/java
2025-02-09 01:31:35,324 [Worker-55] WARN  o.e.m.c.i.embedder.EclipseLogger - The artifact mysql:mysql-connector-java:jar:8.0.33 has been relocated to com.mysql:mysql-connector-j:jar:8.0.33
2025-02-09 01:31:35,396 [Worker-55] INFO  o.e.m.w.i.f.ResourceFilteringBuildParticipant - Cleaning filtered folder for LPII_CL2_ACUNACAMPOSBRIAN
2025-02-09 01:31:35,400 [Worker-55] INFO  o.e.m.c.i.p.ProjectConfigurationManager - Update completed: 1 sec
2025-02-09 01:31:35,830 [Worker-61] WARN  o.e.m.c.i.embedder.EclipseLogger - The artifact mysql:mysql-connector-java:jar:8.0.33 has been relocated to com.mysql:mysql-connector-j:jar:8.0.33
2025-02-09 01:31:36,012 [Worker-61] WARN  o.e.m.c.i.embedder.EclipseLogger - Using platform encoding (Cp1252 actually) to copy filtered resources, i.e. build is platform dependent!
2025-02-09 01:31:36,013 [Worker-61] INFO  o.e.m.c.i.embedder.EclipseLogger - Copying 2 resources
2025-02-09 01:31:36,022 [Worker-61] WARN  o.e.m.c.i.embedder.EclipseLogger - Using platform encoding (Cp1252 actually) to copy filtered resources, i.e. build is platform dependent!
2025-02-09 01:31:36,023 [Worker-61] INFO  o.e.m.c.i.embedder.EclipseLogger - skip non existing resourceDirectory C:\Users\brian\Escritorio\LP 3\LPII_CL2_ACU헤CAMPOSBRIAN\LPII_CL2_ACUNACAMPOSBRIAN\src\test\resources
2025-02-09 01:31:36,023 [Worker-61] INFO  o.e.m.w.i.f.ResourceFilteringBuildParticipant - Changed resources require a complete clean of filtered resources of LPII_CL2_ACUNACAMPOSBRIAN
2025-02-09 01:31:36,023 [Worker-61] INFO  o.e.m.w.i.f.ResourceFilteringBuildParticipant - Executing resource filtering for LPII_CL2_ACUNACAMPOSBRIAN
2025-02-09 01:31:36,025 [Worker-61] WARN  o.e.m.c.i.embedder.EclipseLogger - Using platform encoding (Cp1252 actually) to copy filtered resources, i.e. build is platform dependent!
2025-02-09 01:35:41,292 [Worker-59] WARN  o.e.m.c.i.embedder.EclipseLogger - Using platform encoding (Cp1252 actually) to copy filtered resources, i.e. build is platform dependent!
2025-02-09 01:35:41,295 [Worker-59] INFO  o.e.m.c.i.embedder.EclipseLogger - Copying 0 resource
2025-02-09 01:35:41,297 [Worker-59] WARN  o.e.m.c.i.embedder.EclipseLogger - Using platform encoding (Cp1252 actually) to copy filtered resources, i.e. build is platform dependent!
2025-02-09 01:35:41,298 [Worker-59] INFO  o.e.m.c.i.embedder.EclipseLogger - skip non existing resourceDirectory C:\Users\brian\Escritorio\LP 3\LPII_CL2_ACU헤CAMPOSBRIAN\LPII_CL2_ACUNACAMPOSBRIAN\src\test\resources
2025-02-09 01:35:56,377 [Worker-59] WARN  o.e.m.c.i.embedder.EclipseLogger - Using platform encoding (Cp1252 actually) to copy filtered resources, i.e. build is platform dependent!
2025-02-09 01:35:56,393 [Worker-59] INFO  o.e.m.c.i.embedder.EclipseLogger - Copying 0 resource
2025-02-09 01:35:56,394 [Worker-59] WARN  o.e.m.c.i.embedder.EclipseLogger - Using platform encoding (Cp1252 actually) to copy filtered resources, i.e. build is platform dependent!
2025-02-09 01:35:56,395 [Worker-59] INFO  o.e.m.c.i.embedder.EclipseLogger - skip non existing resourceDirectory C:\Users\brian\Escritorio\LP 3\LPII_CL2_ACU헤CAMPOSBRIAN\LPII_CL2_ACUNACAMPOSBRIAN\src\test\resources
2025-02-09 01:36:14,949 [Worker-61] WARN  o.e.m.c.i.embedder.EclipseLogger - Using platform encoding (Cp1252 actually) to copy filtered resources, i.e. build is platform dependent!
2025-02-09 01:36:14,950 [Worker-61] INFO  o.e.m.c.i.embedder.EclipseLogger - Copying 2 resources
2025-02-09 01:36:14,954 [Worker-61] WARN  o.e.m.c.i.embedder.EclipseLogger - Using platform encoding (Cp1252 actually) to copy filtered resources, i.e. build is platform dependent!
2025-02-09 01:36:14,955 [Worker-61] INFO  o.e.m.c.i.embedder.EclipseLogger - skip non existing resourceDirectory C:\Users\brian\Escritorio\LP 3\LPII_CL2_ACU헤CAMPOSBRIAN\LPII_CL2_ACUNACAMPOSBRIAN\src\test\resources
2025-02-09 01:37:43,765 [Worker-64] WARN  o.e.m.c.i.embedder.EclipseLogger - Using platform encoding (Cp1252 actually) to copy filtered resources, i.e. build is platform dependent!
2025-02-09 01:37:43,766 [Worker-64] INFO  o.e.m.c.i.embedder.EclipseLogger - Copying 2 resources
2025-02-09 01:37:43,767 [Worker-64] WARN  o.e.m.c.i.embedder.EclipseLogger - Using platform encoding (Cp1252 actually) to copy filtered resources, i.e. build is platform dependent!
2025-02-09 01:37:43,768 [Worker-64] INFO  o.e.m.c.i.embedder.EclipseLogger - skip non existing resourceDirectory C:\Users\brian\Escritorio\LP 3\LPII_CL2_ACU헤CAMPOSBRIAN\LPII_CL2_ACUNACAMPOSBRIAN\src\test\resources
2025-02-09 01:37:50,163 [Worker-59] WARN  o.e.m.c.i.embedder.EclipseLogger - Using platform encoding (Cp1252 actually) to copy filtered resources, i.e. build is platform dependent!
2025-02-09 01:37:50,164 [Worker-59] INFO  o.e.m.c.i.embedder.EclipseLogger - Copying 2 resources
2025-02-09 01:37:50,164 [Worker-59] WARN  o.e.m.c.i.embedder.EclipseLogger - Using platform encoding (Cp1252 actually) to copy filtered resources, i.e. build is platform dependent!
2025-02-09 01:37:50,165 [Worker-59] INFO  o.e.m.c.i.embedder.EclipseLogger - skip non existing resourceDirectory C:\Users\brian\Escritorio\LP 3\LPII_CL2_ACU헤CAMPOSBRIAN\LPII_CL2_ACUNACAMPOSBRIAN\src\test\resources
2025-02-09 01:38:01,122 [Worker-64] WARN  o.e.m.c.i.embedder.EclipseLogger - Using platform encoding (Cp1252 actually) to copy filtered resources, i.e. build is platform dependent!
2025-02-09 01:38:01,123 [Worker-64] INFO  o.e.m.c.i.embedder.EclipseLogger - Copying 2 resources
2025-02-09 01:38:01,124 [Worker-64] WARN  o.e.m.c.i.embedder.EclipseLogger - Using platform encoding (Cp1252 actually) to copy filtered resources, i.e. build is platform dependent!
2025-02-09 01:38:01,125 [Worker-64] INFO  o.e.m.c.i.embedder.EclipseLogger - skip non existing resourceDirectory C:\Users\brian\Escritorio\LP 3\LPII_CL2_ACU헤CAMPOSBRIAN\LPII_CL2_ACUNACAMPOSBRIAN\src\test\resources
2025-02-09 01:38:07,377 [Worker-59] WARN  o.e.m.c.i.embedder.EclipseLogger - Using platform encoding (Cp1252 actually) to copy filtered resources, i.e. build is platform dependent!
2025-02-09 01:38:07,379 [Worker-59] INFO  o.e.m.c.i.embedder.EclipseLogger - Copying 2 resources
2025-02-09 01:38:07,380 [Worker-59] WARN  o.e.m.c.i.embedder.EclipseLogger - Using platform encoding (Cp1252 actually) to copy filtered resources, i.e. build is platform dependent!
2025-02-09 01:38:07,381 [Worker-59] INFO  o.e.m.c.i.embedder.EclipseLogger - skip non existing resourceDirectory C:\Users\brian\Escritorio\LP 3\LPII_CL2_ACU헤CAMPOSBRIAN\LPII_CL2_ACUNACAMPOSBRIAN\src\test\resources
2025-02-09 01:38:36,127 [Worker-66] WARN  o.e.m.c.i.embedder.EclipseLogger - Using platform encoding (Cp1252 actually) to copy filtered resources, i.e. build is platform dependent!
2025-02-09 01:38:36,128 [Worker-66] INFO  o.e.m.c.i.embedder.EclipseLogger - Copying 0 resource
2025-02-09 01:38:36,129 [Worker-66] WARN  o.e.m.c.i.embedder.EclipseLogger - Using platform encoding (Cp1252 actually) to copy filtered resources, i.e. build is platform dependent!
2025-02-09 01:38:36,130 [Worker-66] INFO  o.e.m.c.i.embedder.EclipseLogger - skip non existing resourceDirectory C:\Users\brian\Escritorio\LP 3\LPII_CL2_ACU헤CAMPOSBRIAN\LPII_CL2_ACUNACAMPOSBRIAN\src\test\resources
2025-02-09 01:38:42,788 [Worker-68] WARN  o.e.m.c.i.embedder.EclipseLogger - Using platform encoding (Cp1252 actually) to copy filtered resources, i.e. build is platform dependent!
2025-02-09 01:38:42,789 [Worker-68] INFO  o.e.m.c.i.embedder.EclipseLogger - Copying 2 resources
2025-02-09 01:38:42,792 [Worker-68] WARN  o.e.m.c.i.embedder.EclipseLogger - Using platform encoding (Cp1252 actually) to copy filtered resources, i.e. build is platform dependent!
2025-02-09 01:38:42,793 [Worker-68] INFO  o.e.m.c.i.embedder.EclipseLogger - skip non existing resourceDirectory C:\Users\brian\Escritorio\LP 3\LPII_CL2_ACU헤CAMPOSBRIAN\LPII_CL2_ACUNACAMPOSBRIAN\src\test\resources
2025-02-09 01:39:10,096 [Worker-69] WARN  o.e.m.c.i.embedder.EclipseLogger - Using platform encoding (Cp1252 actually) to copy filtered resources, i.e. build is platform dependent!
2025-02-09 01:39:10,098 [Worker-69] INFO  o.e.m.c.i.embedder.EclipseLogger - Copying 2 resources
2025-02-09 01:39:10,098 [Worker-69] WARN  o.e.m.c.i.embedder.EclipseLogger - Using platform encoding (Cp1252 actually) to copy filtered resources, i.e. build is platform dependent!
2025-02-09 01:39:10,099 [Worker-69] INFO  o.e.m.c.i.embedder.EclipseLogger - skip non existing resourceDirectory C:\Users\brian\Escritorio\LP 3\LPII_CL2_ACU헤CAMPOSBRIAN\LPII_CL2_ACUNACAMPOSBRIAN\src\test\resources
2025-02-09 01:39:14,036 [Worker-69] WARN  o.e.m.c.i.embedder.EclipseLogger - Using platform encoding (Cp1252 actually) to copy filtered resources, i.e. build is platform dependent!
2025-02-09 01:39:14,036 [Worker-69] INFO  o.e.m.c.i.embedder.EclipseLogger - Copying 0 resource
2025-02-09 01:39:14,038 [Worker-69] WARN  o.e.m.c.i.embedder.EclipseLogger - Using platform encoding (Cp1252 actually) to copy filtered resources, i.e. build is platform dependent!
2025-02-09 01:39:14,038 [Worker-69] INFO  o.e.m.c.i.embedder.EclipseLogger - skip non existing resourceDirectory C:\Users\brian\Escritorio\LP 3\LPII_CL2_ACU헤CAMPOSBRIAN\LPII_CL2_ACUNACAMPOSBRIAN\src\test\resources
2025-02-09 01:41:47,861 [Worker-64] WARN  o.e.m.c.i.embedder.EclipseLogger - Using platform encoding (Cp1252 actually) to copy filtered resources, i.e. build is platform dependent!
2025-02-09 01:41:47,862 [Worker-64] INFO  o.e.m.c.i.embedder.EclipseLogger - Copying 0 resource
2025-02-09 01:41:47,862 [Worker-64] WARN  o.e.m.c.i.embedder.EclipseLogger - Using platform encoding (Cp1252 actually) to copy filtered resources, i.e. build is platform dependent!
2025-02-09 01:41:47,863 [Worker-64] INFO  o.e.m.c.i.embedder.EclipseLogger - skip non existing resourceDirectory C:\Users\brian\Escritorio\LP 3\LPII_CL2_ACU헤CAMPOSBRIAN\LPII_CL2_ACUNACAMPOSBRIAN\src\test\resources
2025-02-09 01:43:47,348 [Worker-64] WARN  o.e.m.c.i.embedder.EclipseLogger - Using platform encoding (Cp1252 actually) to copy filtered resources, i.e. build is platform dependent!
2025-02-09 01:43:47,349 [Worker-64] INFO  o.e.m.c.i.embedder.EclipseLogger - Copying 0 resource
2025-02-09 01:43:47,350 [Worker-64] WARN  o.e.m.c.i.embedder.EclipseLogger - Using platform encoding (Cp1252 actually) to copy filtered resources, i.e. build is platform dependent!
2025-02-09 01:43:47,350 [Worker-64] INFO  o.e.m.c.i.embedder.EclipseLogger - skip non existing resourceDirectory C:\Users\brian\Escritorio\LP 3\LPII_CL2_ACU헤CAMPOSBRIAN\LPII_CL2_ACUNACAMPOSBRIAN\src\test\resources
2025-02-09 01:43:51,134 [Worker-72] WARN  o.e.m.c.i.embedder.EclipseLogger - Using platform encoding (Cp1252 actually) to copy filtered resources, i.e. build is platform dependent!
2025-02-09 01:43:51,135 [Worker-72] INFO  o.e.m.c.i.embedder.EclipseLogger - Copying 0 resource
2025-02-09 01:43:51,136 [Worker-72] WARN  o.e.m.c.i.embedder.EclipseLogger - Using platform encoding (Cp1252 actually) to copy filtered resources, i.e. build is platform dependent!
2025-02-09 01:43:51,137 [Worker-72] INFO  o.e.m.c.i.embedder.EclipseLogger - skip non existing resourceDirectory C:\Users\brian\Escritorio\LP 3\LPII_CL2_ACU헤CAMPOSBRIAN\LPII_CL2_ACUNACAMPOSBRIAN\src\test\resources
2025-02-09 01:43:53,694 [Worker-73] WARN  o.e.m.c.i.embedder.EclipseLogger - Using platform encoding (Cp1252 actually) to copy filtered resources, i.e. build is platform dependent!
2025-02-09 01:43:53,695 [Worker-73] INFO  o.e.m.c.i.embedder.EclipseLogger - Copying 0 resource
2025-02-09 01:43:53,697 [Worker-73] WARN  o.e.m.c.i.embedder.EclipseLogger - Using platform encoding (Cp1252 actually) to copy filtered resources, i.e. build is platform dependent!
2025-02-09 01:43:53,698 [Worker-73] INFO  o.e.m.c.i.embedder.EclipseLogger - skip non existing resourceDirectory C:\Users\brian\Escritorio\LP 3\LPII_CL2_ACU헤CAMPOSBRIAN\LPII_CL2_ACUNACAMPOSBRIAN\src\test\resources
2025-02-09 01:43:57,158 [Worker-68] WARN  o.e.m.c.i.embedder.EclipseLogger - Using platform encoding (Cp1252 actually) to copy filtered resources, i.e. build is platform dependent!
2025-02-09 01:43:57,159 [Worker-68] INFO  o.e.m.c.i.embedder.EclipseLogger - Copying 0 resource
2025-02-09 01:43:57,159 [Worker-68] WARN  o.e.m.c.i.embedder.EclipseLogger - Using platform encoding (Cp1252 actually) to copy filtered resources, i.e. build is platform dependent!
2025-02-09 01:43:57,160 [Worker-68] INFO  o.e.m.c.i.embedder.EclipseLogger - skip non existing resourceDirectory C:\Users\brian\Escritorio\LP 3\LPII_CL2_ACU헤CAMPOSBRIAN\LPII_CL2_ACUNACAMPOSBRIAN\src\test\resources
2025-02-09 01:44:13,591 [Worker-72] WARN  o.e.m.c.i.embedder.EclipseLogger - Using platform encoding (Cp1252 actually) to copy filtered resources, i.e. build is platform dependent!
2025-02-09 01:44:13,592 [Worker-72] INFO  o.e.m.c.i.embedder.EclipseLogger - Copying 0 resource
2025-02-09 01:44:13,593 [Worker-72] WARN  o.e.m.c.i.embedder.EclipseLogger - Using platform encoding (Cp1252 actually) to copy filtered resources, i.e. build is platform dependent!
2025-02-09 01:44:13,593 [Worker-72] INFO  o.e.m.c.i.embedder.EclipseLogger - skip non existing resourceDirectory C:\Users\brian\Escritorio\LP 3\LPII_CL2_ACU헤CAMPOSBRIAN\LPII_CL2_ACUNACAMPOSBRIAN\src\test\resources
2025-02-09 01:44:52,584 [Worker-71] WARN  o.e.m.c.i.embedder.EclipseLogger - Using platform encoding (Cp1252 actually) to copy filtered resources, i.e. build is platform dependent!
2025-02-09 01:44:52,585 [Worker-71] INFO  o.e.m.c.i.embedder.EclipseLogger - Copying 1 resource
2025-02-09 01:44:52,587 [Worker-71] WARN  o.e.m.c.i.embedder.EclipseLogger - Using platform encoding (Cp1252 actually) to copy filtered resources, i.e. build is platform dependent!
2025-02-09 01:44:52,588 [Worker-71] INFO  o.e.m.c.i.embedder.EclipseLogger - skip non existing resourceDirectory C:\Users\brian\Escritorio\LP 3\LPII_CL2_ACU헤CAMPOSBRIAN\LPII_CL2_ACUNACAMPOSBRIAN\src\test\resources
2025-02-09 01:45:59,157 [Worker-68] WARN  o.e.m.c.i.embedder.EclipseLogger - Using platform encoding (Cp1252 actually) to copy filtered resources, i.e. build is platform dependent!
2025-02-09 01:45:59,158 [Worker-68] INFO  o.e.m.c.i.embedder.EclipseLogger - Copying 1 resource
2025-02-09 01:45:59,159 [Worker-68] WARN  o.e.m.c.i.embedder.EclipseLogger - Using platform encoding (Cp1252 actually) to copy filtered resources, i.e. build is platform dependent!
2025-02-09 01:45:59,160 [Worker-68] INFO  o.e.m.c.i.embedder.EclipseLogger - skip non existing resourceDirectory C:\Users\brian\Escritorio\LP 3\LPII_CL2_ACU헤CAMPOSBRIAN\LPII_CL2_ACUNACAMPOSBRIAN\src\test\resources
2025-02-09 01:48:56,088 [Worker-71] WARN  o.e.m.c.i.embedder.EclipseLogger - Using platform encoding (Cp1252 actually) to copy filtered resources, i.e. build is platform dependent!
2025-02-09 01:48:56,090 [Worker-71] INFO  o.e.m.c.i.embedder.EclipseLogger - Copying 1 resource
2025-02-09 01:48:56,091 [Worker-71] WARN  o.e.m.c.i.embedder.EclipseLogger - Using platform encoding (Cp1252 actually) to copy filtered resources, i.e. build is platform dependent!
2025-02-09 01:48:56,092 [Worker-71] INFO  o.e.m.c.i.embedder.EclipseLogger - skip non existing resourceDirectory C:\Users\brian\Escritorio\LP 3\LPII_CL2_ACU헤CAMPOSBRIAN\LPII_CL2_ACUNACAMPOSBRIAN\src\test\resources
2025-02-09 01:49:37,377 [Worker-72] WARN  o.e.m.c.i.embedder.EclipseLogger - Using platform encoding (Cp1252 actually) to copy filtered resources, i.e. build is platform dependent!
2025-02-09 01:49:37,378 [Worker-72] INFO  o.e.m.c.i.embedder.EclipseLogger - Copying 1 resource
2025-02-09 01:49:37,380 [Worker-72] WARN  o.e.m.c.i.embedder.EclipseLogger - Using platform encoding (Cp1252 actually) to copy filtered resources, i.e. build is platform dependent!
2025-02-09 01:49:37,381 [Worker-72] INFO  o.e.m.c.i.embedder.EclipseLogger - skip non existing resourceDirectory C:\Users\brian\Escritorio\LP 3\LPII_CL2_ACU헤CAMPOSBRIAN\LPII_CL2_ACUNACAMPOSBRIAN\src\test\resources
2025-02-09 01:53:23,739 [Worker-68] WARN  o.e.m.c.i.embedder.EclipseLogger - Using platform encoding (Cp1252 actually) to copy filtered resources, i.e. build is platform dependent!
2025-02-09 01:53:23,740 [Worker-68] INFO  o.e.m.c.i.embedder.EclipseLogger - Copying 1 resource
2025-02-09 01:53:23,741 [Worker-68] WARN  o.e.m.c.i.embedder.EclipseLogger - Using platform encoding (Cp1252 actually) to copy filtered resources, i.e. build is platform dependent!
2025-02-09 01:53:23,742 [Worker-68] INFO  o.e.m.c.i.embedder.EclipseLogger - skip non existing resourceDirectory C:\Users\brian\Escritorio\LP 3\LPII_CL2_ACU헤CAMPOSBRIAN\LPII_CL2_ACUNACAMPOSBRIAN\src\test\resources
2025-02-09 01:53:57,589 [Worker-79] WARN  o.e.m.c.i.embedder.EclipseLogger - Using platform encoding (Cp1252 actually) to copy filtered resources, i.e. build is platform dependent!
2025-02-09 01:53:57,590 [Worker-79] INFO  o.e.m.c.i.embedder.EclipseLogger - Copying 1 resource
2025-02-09 01:53:57,591 [Worker-79] WARN  o.e.m.c.i.embedder.EclipseLogger - Using platform encoding (Cp1252 actually) to copy filtered resources, i.e. build is platform dependent!
2025-02-09 01:53:57,591 [Worker-79] INFO  o.e.m.c.i.embedder.EclipseLogger - skip non existing resourceDirectory C:\Users\brian\Escritorio\LP 3\LPII_CL2_ACU헤CAMPOSBRIAN\LPII_CL2_ACUNACAMPOSBRIAN\src\test\resources
2025-02-09 01:54:50,777 [Worker-79] WARN  o.e.m.c.i.embedder.EclipseLogger - Using platform encoding (Cp1252 actually) to copy filtered resources, i.e. build is platform dependent!
2025-02-09 01:54:50,779 [Worker-79] INFO  o.e.m.c.i.embedder.EclipseLogger - Copying 1 resource
2025-02-09 01:54:50,781 [Worker-79] WARN  o.e.m.c.i.embedder.EclipseLogger - Using platform encoding (Cp1252 actually) to copy filtered resources, i.e. build is platform dependent!
2025-02-09 01:54:50,782 [Worker-79] INFO  o.e.m.c.i.embedder.EclipseLogger - skip non existing resourceDirectory C:\Users\brian\Escritorio\LP 3\LPII_CL2_ACU헤CAMPOSBRIAN\LPII_CL2_ACUNACAMPOSBRIAN\src\test\resources
2025-02-09 01:54:58,600 [Worker-71] WARN  o.e.m.c.i.embedder.EclipseLogger - Using platform encoding (Cp1252 actually) to copy filtered resources, i.e. build is platform dependent!
2025-02-09 01:54:58,602 [Worker-71] INFO  o.e.m.c.i.embedder.EclipseLogger - Copying 1 resource
2025-02-09 01:54:58,604 [Worker-71] WARN  o.e.m.c.i.embedder.EclipseLogger - Using platform encoding (Cp1252 actually) to copy filtered resources, i.e. build is platform dependent!
2025-02-09 01:54:58,604 [Worker-71] INFO  o.e.m.c.i.embedder.EclipseLogger - skip non existing resourceDirectory C:\Users\brian\Escritorio\LP 3\LPII_CL2_ACU헤CAMPOSBRIAN\LPII_CL2_ACUNACAMPOSBRIAN\src\test\resources
2025-02-09 01:58:41,747 [Worker-77] WARN  o.e.m.c.i.embedder.EclipseLogger - Using platform encoding (Cp1252 actually) to copy filtered resources, i.e. build is platform dependent!
2025-02-09 01:58:41,747 [Worker-77] INFO  o.e.m.c.i.embedder.EclipseLogger - Copying 1 resource
2025-02-09 01:58:41,749 [Worker-77] WARN  o.e.m.c.i.embedder.EclipseLogger - Using platform encoding (Cp1252 actually) to copy filtered resources, i.e. build is platform dependent!
2025-02-09 01:58:41,750 [Worker-77] INFO  o.e.m.c.i.embedder.EclipseLogger - skip non existing resourceDirectory C:\Users\brian\Escritorio\LP 3\LPII_CL2_ACU헤CAMPOSBRIAN\LPII_CL2_ACUNACAMPOSBRIAN\src\test\resources
2025-02-09 01:58:50,026 [Worker-81] WARN  o.e.m.c.i.embedder.EclipseLogger - Using platform encoding (Cp1252 actually) to copy filtered resources, i.e. build is platform dependent!
2025-02-09 01:58:50,027 [Worker-81] INFO  o.e.m.c.i.embedder.EclipseLogger - Copying 1 resource
2025-02-09 01:58:50,028 [Worker-81] WARN  o.e.m.c.i.embedder.EclipseLogger - Using platform encoding (Cp1252 actually) to copy filtered resources, i.e. build is platform dependent!
2025-02-09 01:58:50,029 [Worker-81] INFO  o.e.m.c.i.embedder.EclipseLogger - skip non existing resourceDirectory C:\Users\brian\Escritorio\LP 3\LPII_CL2_ACU헤CAMPOSBRIAN\LPII_CL2_ACUNACAMPOSBRIAN\src\test\resources
2025-02-09 01:58:54,531 [Worker-79] WARN  o.e.m.c.i.embedder.EclipseLogger - Using platform encoding (Cp1252 actually) to copy filtered resources, i.e. build is platform dependent!
2025-02-09 01:58:54,532 [Worker-79] INFO  o.e.m.c.i.embedder.EclipseLogger - Copying 1 resource
2025-02-09 01:58:54,534 [Worker-79] WARN  o.e.m.c.i.embedder.EclipseLogger - Using platform encoding (Cp1252 actually) to copy filtered resources, i.e. build is platform dependent!
2025-02-09 01:58:54,535 [Worker-79] INFO  o.e.m.c.i.embedder.EclipseLogger - skip non existing resourceDirectory C:\Users\brian\Escritorio\LP 3\LPII_CL2_ACU헤CAMPOSBRIAN\LPII_CL2_ACUNACAMPOSBRIAN\src\test\resources
2025-02-09 01:58:59,060 [Worker-68] WARN  o.e.m.c.i.embedder.EclipseLogger - Using platform encoding (Cp1252 actually) to copy filtered resources, i.e. build is platform dependent!
2025-02-09 01:58:59,061 [Worker-68] INFO  o.e.m.c.i.embedder.EclipseLogger - Copying 1 resource
2025-02-09 01:58:59,062 [Worker-68] WARN  o.e.m.c.i.embedder.EclipseLogger - Using platform encoding (Cp1252 actually) to copy filtered resources, i.e. build is platform dependent!
2025-02-09 01:58:59,062 [Worker-68] INFO  o.e.m.c.i.embedder.EclipseLogger - skip non existing resourceDirectory C:\Users\brian\Escritorio\LP 3\LPII_CL2_ACU헤CAMPOSBRIAN\LPII_CL2_ACUNACAMPOSBRIAN\src\test\resources
2025-02-09 01:59:09,990 [Worker-81] WARN  o.e.m.c.i.embedder.EclipseLogger - Using platform encoding (Cp1252 actually) to copy filtered resources, i.e. build is platform dependent!
2025-02-09 01:59:09,991 [Worker-81] INFO  o.e.m.c.i.embedder.EclipseLogger - Copying 1 resource
2025-02-09 01:59:09,993 [Worker-81] WARN  o.e.m.c.i.embedder.EclipseLogger - Using platform encoding (Cp1252 actually) to copy filtered resources, i.e. build is platform dependent!
2025-02-09 01:59:09,993 [Worker-81] INFO  o.e.m.c.i.embedder.EclipseLogger - skip non existing resourceDirectory C:\Users\brian\Escritorio\LP 3\LPII_CL2_ACU헤CAMPOSBRIAN\LPII_CL2_ACUNACAMPOSBRIAN\src\test\resources
2025-02-09 02:02:45,374 [Worker-85] WARN  o.e.m.c.i.embedder.EclipseLogger - Using platform encoding (Cp1252 actually) to copy filtered resources, i.e. build is platform dependent!
2025-02-09 02:02:45,375 [Worker-85] INFO  o.e.m.c.i.embedder.EclipseLogger - Copying 1 resource
2025-02-09 02:02:45,377 [Worker-85] WARN  o.e.m.c.i.embedder.EclipseLogger - Using platform encoding (Cp1252 actually) to copy filtered resources, i.e. build is platform dependent!
2025-02-09 02:02:45,378 [Worker-85] INFO  o.e.m.c.i.embedder.EclipseLogger - skip non existing resourceDirectory C:\Users\brian\Escritorio\LP 3\LPII_CL2_ACU헤CAMPOSBRIAN\LPII_CL2_ACUNACAMPOSBRIAN\src\test\resources
2025-02-09 02:09:59,118 [Worker-88] INFO  o.e.m.c.i.l.LifecycleMappingFactory - Using org.maven.ide.eclipse.wtp.WarLifecycleMapping lifecycle mapping for MavenProject: Maven.com.jpa:LPII_CL2_ACUNACAMPOSBRIAN:0.0.1-SNAPSHOT @ C:\Users\brian\Escritorio\LP 3\LPII_CL2_ACU헤CAMPOSBRIAN\LPII_CL2_ACUNACAMPOSBRIAN\pom.xml.
2025-02-09 02:09:59,455 [Worker-88] INFO  o.e.m.c.i.e.AbstractTransferListenerAdapter - Downloading https://repo.maven.apache.org/maven2/org/hibernate/hibernate-core/5.6.15.Final/hibernate-core-5.6.15.Final.pom
2025-02-09 02:10:00,084 [Worker-88] INFO  o.e.m.c.i.e.AbstractTransferListenerAdapter - Downloaded https://repo.maven.apache.org/maven2/org/hibernate/hibernate-core/5.6.15.Final/hibernate-core-5.6.15.Final.pom
2025-02-09 02:10:00,159 [Worker-88] INFO  o.e.m.c.i.e.AbstractTransferListenerAdapter - Downloading https://repo.maven.apache.org/maven2/org/jboss/logging/jboss-logging/3.4.3.Final/jboss-logging-3.4.3.Final.pom
2025-02-09 02:10:00,356 [Worker-88] INFO  o.e.m.c.i.e.AbstractTransferListenerAdapter - Downloaded https://repo.maven.apache.org/maven2/org/jboss/logging/jboss-logging/3.4.3.Final/jboss-logging-3.4.3.Final.pom
2025-02-09 02:10:00,381 [Worker-88] INFO  o.e.m.c.i.e.AbstractTransferListenerAdapter - Downloading https://repo.maven.apache.org/maven2/org/jboss/jboss-parent/39/jboss-parent-39.pom
2025-02-09 02:10:00,586 [Worker-88] INFO  o.e.m.c.i.e.AbstractTransferListenerAdapter - Downloaded https://repo.maven.apache.org/maven2/org/jboss/jboss-parent/39/jboss-parent-39.pom
2025-02-09 02:10:00,660 [Worker-88] INFO  o.e.m.c.i.e.AbstractTransferListenerAdapter - Downloading https://repo.maven.apache.org/maven2/org/junit/junit-bom/5.8.2/junit-bom-5.8.2.pom
2025-02-09 02:10:00,810 [Worker-88] INFO  o.e.m.c.i.e.AbstractTransferListenerAdapter - Downloaded https://repo.maven.apache.org/maven2/org/junit/junit-bom/5.8.2/junit-bom-5.8.2.pom
2025-02-09 02:10:00,835 [Worker-88] INFO  o.e.m.c.i.e.AbstractTransferListenerAdapter - Downloading https://repo.maven.apache.org/maven2/javax/persistence/javax.persistence-api/2.2/javax.persistence-api-2.2.pom
2025-02-09 02:10:00,945 [Worker-88] INFO  o.e.m.c.i.e.AbstractTransferListenerAdapter - Downloaded https://repo.maven.apache.org/maven2/javax/persistence/javax.persistence-api/2.2/javax.persistence-api-2.2.pom
2025-02-09 02:10:00,974 [Worker-88] INFO  o.e.m.c.i.e.AbstractTransferListenerAdapter - Downloading https://repo.maven.apache.org/maven2/net/java/jvnet-parent/5/jvnet-parent-5.pom
2025-02-09 02:10:01,128 [Worker-88] INFO  o.e.m.c.i.e.AbstractTransferListenerAdapter - Downloaded https://repo.maven.apache.org/maven2/net/java/jvnet-parent/5/jvnet-parent-5.pom
2025-02-09 02:10:01,170 [Worker-88] INFO  o.e.m.c.i.e.AbstractTransferListenerAdapter - Downloading https://repo.maven.apache.org/maven2/net/bytebuddy/byte-buddy/1.12.18/byte-buddy-1.12.18.pom
2025-02-09 02:10:01,359 [Worker-88] INFO  o.e.m.c.i.e.AbstractTransferListenerAdapter - Downloaded https://repo.maven.apache.org/maven2/net/bytebuddy/byte-buddy/1.12.18/byte-buddy-1.12.18.pom
2025-02-09 02:10:01,413 [Worker-88] INFO  o.e.m.c.i.e.AbstractTransferListenerAdapter - Downloading https://repo.maven.apache.org/maven2/net/bytebuddy/byte-buddy-parent/1.12.18/byte-buddy-parent-1.12.18.pom
2025-02-09 02:10:01,561 [Worker-88] INFO  o.e.m.c.i.e.AbstractTransferListenerAdapter - Downloaded https://repo.maven.apache.org/maven2/net/bytebuddy/byte-buddy-parent/1.12.18/byte-buddy-parent-1.12.18.pom
2025-02-09 02:10:01,588 [Worker-88] INFO  o.e.m.c.i.e.AbstractTransferListenerAdapter - Downloading https://repo.maven.apache.org/maven2/antlr/antlr/2.7.7/antlr-2.7.7.pom
2025-02-09 02:10:01,715 [Worker-88] INFO  o.e.m.c.i.e.AbstractTransferListenerAdapter - Downloaded https://repo.maven.apache.org/maven2/antlr/antlr/2.7.7/antlr-2.7.7.pom
2025-02-09 02:10:01,745 [Worker-88] INFO  o.e.m.c.i.e.AbstractTransferListenerAdapter - Downloading https://repo.maven.apache.org/maven2/org/jboss/spec/javax/transaction/jboss-transaction-api_1.2_spec/1.1.1.Final/jboss-transaction-api_1.2_spec-1.1.1.Final.pom
2025-02-09 02:10:01,803 [Worker-88] INFO  o.e.m.c.i.e.AbstractTransferListenerAdapter - Downloaded https://repo.maven.apache.org/maven2/org/jboss/spec/javax/transaction/jboss-transaction-api_1.2_spec/1.1.1.Final/jboss-transaction-api_1.2_spec-1.1.1.Final.pom
2025-02-09 02:10:01,826 [Worker-88] INFO  o.e.m.c.i.e.AbstractTransferListenerAdapter - Downloading https://repo.maven.apache.org/maven2/org/jboss/jboss-parent/25/jboss-parent-25.pom
2025-02-09 02:10:01,945 [Worker-88] INFO  o.e.m.c.i.e.AbstractTransferListenerAdapter - Downloaded https://repo.maven.apache.org/maven2/org/jboss/jboss-parent/25/jboss-parent-25.pom
2025-02-09 02:10:01,965 [Worker-88] INFO  o.e.m.c.i.e.AbstractTransferListenerAdapter - Downloading https://repo.maven.apache.org/maven2/org/jboss/jandex/2.4.2.Final/jandex-2.4.2.Final.pom
2025-02-09 02:10:04,046 [Worker-88] INFO  o.e.m.c.i.e.AbstractTransferListenerAdapter - Downloaded https://repo.maven.apache.org/maven2/org/jboss/jandex/2.4.2.Final/jandex-2.4.2.Final.pom
2025-02-09 02:10:04,077 [Worker-88] INFO  o.e.m.c.i.e.AbstractTransferListenerAdapter - Downloading https://repo.maven.apache.org/maven2/org/jboss/jboss-parent/12/jboss-parent-12.pom
2025-02-09 02:10:04,137 [Worker-88] INFO  o.e.m.c.i.e.AbstractTransferListenerAdapter - Downloaded https://repo.maven.apache.org/maven2/org/jboss/jboss-parent/12/jboss-parent-12.pom
2025-02-09 02:10:04,196 [Worker-88] INFO  o.e.m.c.i.e.AbstractTransferListenerAdapter - Downloading https://repo.maven.apache.org/maven2/com/fasterxml/classmate/1.5.1/classmate-1.5.1.pom
2025-02-09 02:10:04,260 [Worker-88] INFO  o.e.m.c.i.e.AbstractTransferListenerAdapter - Downloaded https://repo.maven.apache.org/maven2/com/fasterxml/classmate/1.5.1/classmate-1.5.1.pom
2025-02-09 02:10:04,298 [Worker-88] INFO  o.e.m.c.i.e.AbstractTransferListenerAdapter - Downloading https://repo.maven.apache.org/maven2/com/fasterxml/oss-parent/35/oss-parent-35.pom
2025-02-09 02:10:04,397 [Worker-88] INFO  o.e.m.c.i.e.AbstractTransferListenerAdapter - Downloaded https://repo.maven.apache.org/maven2/com/fasterxml/oss-parent/35/oss-parent-35.pom
2025-02-09 02:10:04,416 [Worker-88] INFO  o.e.m.c.i.e.AbstractTransferListenerAdapter - Downloading https://repo.maven.apache.org/maven2/javax/activation/javax.activation-api/1.2.0/javax.activation-api-1.2.0.pom
2025-02-09 02:10:04,503 [Worker-88] INFO  o.e.m.c.i.e.AbstractTransferListenerAdapter - Downloaded https://repo.maven.apache.org/maven2/javax/activation/javax.activation-api/1.2.0/javax.activation-api-1.2.0.pom
2025-02-09 02:10:04,533 [Worker-88] INFO  o.e.m.c.i.e.AbstractTransferListenerAdapter - Downloading https://repo.maven.apache.org/maven2/com/sun/activation/all/1.2.0/all-1.2.0.pom
2025-02-09 02:10:04,644 [Worker-88] INFO  o.e.m.c.i.e.AbstractTransferListenerAdapter - Downloaded https://repo.maven.apache.org/maven2/com/sun/activation/all/1.2.0/all-1.2.0.pom
2025-02-09 02:10:04,700 [Worker-88] INFO  o.e.m.c.i.e.AbstractTransferListenerAdapter - Downloading https://repo.maven.apache.org/maven2/org/hibernate/common/hibernate-commons-annotations/5.1.2.Final/hibernate-commons-annotations-5.1.2.Final.pom
2025-02-09 02:10:04,880 [Worker-88] INFO  o.e.m.c.i.e.AbstractTransferListenerAdapter - Downloaded https://repo.maven.apache.org/maven2/org/hibernate/common/hibernate-commons-annotations/5.1.2.Final/hibernate-commons-annotations-5.1.2.Final.pom
2025-02-09 02:10:04,910 [Worker-88] INFO  o.e.m.c.i.e.AbstractTransferListenerAdapter - Downloading https://repo.maven.apache.org/maven2/org/jboss/logging/jboss-logging/3.3.2.Final/jboss-logging-3.3.2.Final.pom
2025-02-09 02:10:04,956 [Worker-88] INFO  o.e.m.c.i.e.AbstractTransferListenerAdapter - Downloaded https://repo.maven.apache.org/maven2/org/jboss/logging/jboss-logging/3.3.2.Final/jboss-logging-3.3.2.Final.pom
2025-02-09 02:10:05,027 [Worker-88] INFO  o.e.m.c.i.e.AbstractTransferListenerAdapter - Downloading https://repo.maven.apache.org/maven2/javax/xml/bind/jaxb-api/2.3.1/jaxb-api-2.3.1.pom
2025-02-09 02:10:05,118 [Worker-88] INFO  o.e.m.c.i.e.AbstractTransferListenerAdapter - Downloaded https://repo.maven.apache.org/maven2/javax/xml/bind/jaxb-api/2.3.1/jaxb-api-2.3.1.pom
2025-02-09 02:10:05,140 [Worker-88] INFO  o.e.m.c.i.e.AbstractTransferListenerAdapter - Downloading https://repo.maven.apache.org/maven2/javax/xml/bind/jaxb-api-parent/2.3.1/jaxb-api-parent-2.3.1.pom
2025-02-09 02:10:05,203 [Worker-88] INFO  o.e.m.c.i.e.AbstractTransferListenerAdapter - Downloaded https://repo.maven.apache.org/maven2/javax/xml/bind/jaxb-api-parent/2.3.1/jaxb-api-parent-2.3.1.pom
2025-02-09 02:10:05,233 [Worker-88] INFO  o.e.m.c.i.e.AbstractTransferListenerAdapter - Downloading https://repo.maven.apache.org/maven2/org/glassfish/jaxb/jaxb-runtime/2.3.1/jaxb-runtime-2.3.1.pom
2025-02-09 02:10:05,279 [Worker-88] INFO  o.e.m.c.i.e.AbstractTransferListenerAdapter - Downloaded https://repo.maven.apache.org/maven2/org/glassfish/jaxb/jaxb-runtime/2.3.1/jaxb-runtime-2.3.1.pom
2025-02-09 02:10:05,305 [Worker-88] INFO  o.e.m.c.i.e.AbstractTransferListenerAdapter - Downloading https://repo.maven.apache.org/maven2/com/sun/xml/bind/mvn/jaxb-runtime-parent/2.3.1/jaxb-runtime-parent-2.3.1.pom
2025-02-09 02:10:05,415 [Worker-88] INFO  o.e.m.c.i.e.AbstractTransferListenerAdapter - Downloaded https://repo.maven.apache.org/maven2/com/sun/xml/bind/mvn/jaxb-runtime-parent/2.3.1/jaxb-runtime-parent-2.3.1.pom
2025-02-09 02:10:05,445 [Worker-88] INFO  o.e.m.c.i.e.AbstractTransferListenerAdapter - Downloading https://repo.maven.apache.org/maven2/com/sun/xml/bind/mvn/jaxb-parent/2.3.1/jaxb-parent-2.3.1.pom
2025-02-09 02:10:05,505 [Worker-88] INFO  o.e.m.c.i.e.AbstractTransferListenerAdapter - Downloaded https://repo.maven.apache.org/maven2/com/sun/xml/bind/mvn/jaxb-parent/2.3.1/jaxb-parent-2.3.1.pom
2025-02-09 02:10:05,532 [Worker-88] INFO  o.e.m.c.i.e.AbstractTransferListenerAdapter - Downloading https://repo.maven.apache.org/maven2/com/sun/xml/bind/jaxb-bom-ext/2.3.1/jaxb-bom-ext-2.3.1.pom
2025-02-09 02:10:05,573 [Worker-88] INFO  o.e.m.c.i.e.AbstractTransferListenerAdapter - Downloaded https://repo.maven.apache.org/maven2/com/sun/xml/bind/jaxb-bom-ext/2.3.1/jaxb-bom-ext-2.3.1.pom
2025-02-09 02:10:05,623 [Worker-88] INFO  o.e.m.c.i.e.AbstractTransferListenerAdapter - Downloading https://repo.maven.apache.org/maven2/org/glassfish/jaxb/jaxb-bom/2.3.1/jaxb-bom-2.3.1.pom
2025-02-09 02:10:05,701 [Worker-88] INFO  o.e.m.c.i.e.AbstractTransferListenerAdapter - Downloaded https://repo.maven.apache.org/maven2/org/glassfish/jaxb/jaxb-bom/2.3.1/jaxb-bom-2.3.1.pom
2025-02-09 02:10:05,729 [Worker-88] INFO  o.e.m.c.i.e.AbstractTransferListenerAdapter - Downloading https://repo.maven.apache.org/maven2/org/glassfish/jaxb/txw2/2.3.1/txw2-2.3.1.pom
2025-02-09 02:10:05,800 [Worker-88] INFO  o.e.m.c.i.e.AbstractTransferListenerAdapter - Downloaded https://repo.maven.apache.org/maven2/org/glassfish/jaxb/txw2/2.3.1/txw2-2.3.1.pom
2025-02-09 02:10:05,848 [Worker-88] INFO  o.e.m.c.i.e.AbstractTransferListenerAdapter - Downloading https://repo.maven.apache.org/maven2/com/sun/xml/bind/mvn/jaxb-txw-parent/2.3.1/jaxb-txw-parent-2.3.1.pom
2025-02-09 02:10:05,894 [Worker-88] INFO  o.e.m.c.i.e.AbstractTransferListenerAdapter - Downloaded https://repo.maven.apache.org/maven2/com/sun/xml/bind/mvn/jaxb-txw-parent/2.3.1/jaxb-txw-parent-2.3.1.pom
2025-02-09 02:10:05,916 [Worker-88] INFO  o.e.m.c.i.e.AbstractTransferListenerAdapter - Downloading https://repo.maven.apache.org/maven2/com/sun/istack/istack-commons-runtime/3.0.7/istack-commons-runtime-3.0.7.pom
2025-02-09 02:10:05,960 [Worker-88] INFO  o.e.m.c.i.e.AbstractTransferListenerAdapter - Downloaded https://repo.maven.apache.org/maven2/com/sun/istack/istack-commons-runtime/3.0.7/istack-commons-runtime-3.0.7.pom
2025-02-09 02:10:05,986 [Worker-88] INFO  o.e.m.c.i.e.AbstractTransferListenerAdapter - Downloading https://repo.maven.apache.org/maven2/com/sun/istack/istack-commons/3.0.7/istack-commons-3.0.7.pom
2025-02-09 02:10:06,042 [Worker-88] INFO  o.e.m.c.i.e.AbstractTransferListenerAdapter - Downloaded https://repo.maven.apache.org/maven2/com/sun/istack/istack-commons/3.0.7/istack-commons-3.0.7.pom
2025-02-09 02:10:06,062 [Worker-88] INFO  o.e.m.c.i.e.AbstractTransferListenerAdapter - Downloading https://repo.maven.apache.org/maven2/org/jvnet/staxex/stax-ex/1.8/stax-ex-1.8.pom
2025-02-09 02:10:06,115 [Worker-88] INFO  o.e.m.c.i.e.AbstractTransferListenerAdapter - Downloaded https://repo.maven.apache.org/maven2/org/jvnet/staxex/stax-ex/1.8/stax-ex-1.8.pom
2025-02-09 02:10:06,149 [Worker-88] INFO  o.e.m.c.i.e.AbstractTransferListenerAdapter - Downloading https://repo.maven.apache.org/maven2/com/sun/xml/fastinfoset/FastInfoset/1.2.15/FastInfoset-1.2.15.pom
2025-02-09 02:10:06,218 [Worker-88] INFO  o.e.m.c.i.e.AbstractTransferListenerAdapter - Downloaded https://repo.maven.apache.org/maven2/com/sun/xml/fastinfoset/FastInfoset/1.2.15/FastInfoset-1.2.15.pom
2025-02-09 02:10:06,255 [Worker-88] INFO  o.e.m.c.i.e.AbstractTransferListenerAdapter - Downloading https://repo.maven.apache.org/maven2/com/sun/xml/fastinfoset/fastinfoset-project/1.2.15/fastinfoset-project-1.2.15.pom
2025-02-09 02:10:06,290 [Worker-88] INFO  o.e.m.c.i.e.AbstractTransferListenerAdapter - Downloaded https://repo.maven.apache.org/maven2/com/sun/xml/fastinfoset/fastinfoset-project/1.2.15/fastinfoset-project-1.2.15.pom
2025-02-09 02:10:06,341 [Worker-88] INFO  o.e.m.c.i.e.AbstractTransferListenerAdapter - Downloading https://repo.maven.apache.org/maven2/org/hibernate/hibernate-entitymanager/5.6.15.Final/hibernate-entitymanager-5.6.15.Final.pom
2025-02-09 02:10:06,557 [Worker-88] INFO  o.e.m.c.i.e.AbstractTransferListenerAdapter - Downloaded https://repo.maven.apache.org/maven2/org/hibernate/hibernate-entitymanager/5.6.15.Final/hibernate-entitymanager-5.6.15.Final.pom
2025-02-09 02:10:06,561 [Worker-88] WARN  o.e.m.c.i.embedder.EclipseLogger - The artifact mysql:mysql-connector-java:jar:8.0.33 has been relocated to com.mysql:mysql-connector-j:jar:8.0.33
2025-02-09 02:10:06,986 [Worker-88] INFO  o.e.m.c.i.e.AbstractTransferListenerAdapter - Downloading https://repo.maven.apache.org/maven2/org/hibernate/hibernate-core/5.6.15.Final/hibernate-core-5.6.15.Final.jar
2025-02-09 02:10:08,593 [Worker-88] INFO  o.e.m.c.i.e.AbstractTransferListenerAdapter - Downloaded https://repo.maven.apache.org/maven2/org/hibernate/hibernate-core/5.6.15.Final/hibernate-core-5.6.15.Final.jar
2025-02-09 02:10:08,636 [Worker-88] INFO  o.e.m.c.i.e.AbstractTransferListenerAdapter - Downloading https://repo.maven.apache.org/maven2/org/jboss/logging/jboss-logging/3.4.3.Final/jboss-logging-3.4.3.Final.jar
2025-02-09 02:10:08,726 [Worker-88] INFO  o.e.m.c.i.e.AbstractTransferListenerAdapter - Downloaded https://repo.maven.apache.org/maven2/org/jboss/logging/jboss-logging/3.4.3.Final/jboss-logging-3.4.3.Final.jar
2025-02-09 02:10:08,761 [Worker-88] INFO  o.e.m.c.i.e.AbstractTransferListenerAdapter - Downloading https://repo.maven.apache.org/maven2/net/bytebuddy/byte-buddy/1.12.18/byte-buddy-1.12.18.jar
2025-02-09 02:10:09,590 [Worker-88] INFO  o.e.m.c.i.e.AbstractTransferListenerAdapter - Downloaded https://repo.maven.apache.org/maven2/net/bytebuddy/byte-buddy/1.12.18/byte-buddy-1.12.18.jar
2025-02-09 02:10:09,616 [Worker-88] INFO  o.e.m.c.i.e.AbstractTransferListenerAdapter - Downloading https://repo.maven.apache.org/maven2/antlr/antlr/2.7.7/antlr-2.7.7.jar
2025-02-09 02:10:09,759 [Worker-88] INFO  o.e.m.c.i.e.AbstractTransferListenerAdapter - Downloaded https://repo.maven.apache.org/maven2/antlr/antlr/2.7.7/antlr-2.7.7.jar
2025-02-09 02:10:09,783 [Worker-88] INFO  o.e.m.c.i.e.AbstractTransferListenerAdapter - Downloading https://repo.maven.apache.org/maven2/org/jboss/spec/javax/transaction/jboss-transaction-api_1.2_spec/1.1.1.Final/jboss-transaction-api_1.2_spec-1.1.1.Final.jar
2025-02-09 02:10:10,200 [Worker-88] INFO  o.e.m.c.i.e.AbstractTransferListenerAdapter - Downloaded https://repo.maven.apache.org/maven2/org/jboss/spec/javax/transaction/jboss-transaction-api_1.2_spec/1.1.1.Final/jboss-transaction-api_1.2_spec-1.1.1.Final.jar
2025-02-09 02:10:10,225 [Worker-88] INFO  o.e.m.c.i.e.AbstractTransferListenerAdapter - Downloading https://repo.maven.apache.org/maven2/org/jboss/jandex/2.4.2.Final/jandex-2.4.2.Final.jar
2025-02-09 02:10:10,303 [Worker-88] INFO  o.e.m.c.i.e.AbstractTransferListenerAdapter - Downloaded https://repo.maven.apache.org/maven2/org/jboss/jandex/2.4.2.Final/jandex-2.4.2.Final.jar
2025-02-09 02:10:10,329 [Worker-88] INFO  o.e.m.c.i.e.AbstractTransferListenerAdapter - Downloading https://repo.maven.apache.org/maven2/com/fasterxml/classmate/1.5.1/classmate-1.5.1.jar
2025-02-09 02:10:10,388 [Worker-88] INFO  o.e.m.c.i.e.AbstractTransferListenerAdapter - Downloaded https://repo.maven.apache.org/maven2/com/fasterxml/classmate/1.5.1/classmate-1.5.1.jar
2025-02-09 02:10:10,418 [Worker-88] INFO  o.e.m.c.i.e.AbstractTransferListenerAdapter - Downloading https://repo.maven.apache.org/maven2/javax/activation/javax.activation-api/1.2.0/javax.activation-api-1.2.0.jar
2025-02-09 02:10:10,485 [Worker-88] INFO  o.e.m.c.i.e.AbstractTransferListenerAdapter - Downloaded https://repo.maven.apache.org/maven2/javax/activation/javax.activation-api/1.2.0/javax.activation-api-1.2.0.jar
2025-02-09 02:10:10,537 [Worker-88] INFO  o.e.m.c.i.e.AbstractTransferListenerAdapter - Downloading https://repo.maven.apache.org/maven2/org/hibernate/common/hibernate-commons-annotations/5.1.2.Final/hibernate-commons-annotations-5.1.2.Final.jar
2025-02-09 02:10:10,608 [Worker-88] INFO  o.e.m.c.i.e.AbstractTransferListenerAdapter - Downloaded https://repo.maven.apache.org/maven2/org/hibernate/common/hibernate-commons-annotations/5.1.2.Final/hibernate-commons-annotations-5.1.2.Final.jar
2025-02-09 02:10:10,634 [Worker-88] INFO  o.e.m.c.i.e.AbstractTransferListenerAdapter - Downloading https://repo.maven.apache.org/maven2/javax/xml/bind/jaxb-api/2.3.1/jaxb-api-2.3.1.jar
2025-02-09 02:10:10,696 [Worker-88] INFO  o.e.m.c.i.e.AbstractTransferListenerAdapter - Downloaded https://repo.maven.apache.org/maven2/javax/xml/bind/jaxb-api/2.3.1/jaxb-api-2.3.1.jar
2025-02-09 02:10:10,724 [Worker-88] INFO  o.e.m.c.i.e.AbstractTransferListenerAdapter - Downloading https://repo.maven.apache.org/maven2/org/glassfish/jaxb/jaxb-runtime/2.3.1/jaxb-runtime-2.3.1.jar
2025-02-09 02:10:10,988 [Worker-88] INFO  o.e.m.c.i.e.AbstractTransferListenerAdapter - Downloaded https://repo.maven.apache.org/maven2/org/glassfish/jaxb/jaxb-runtime/2.3.1/jaxb-runtime-2.3.1.jar
2025-02-09 02:10:11,010 [Worker-88] INFO  o.e.m.c.i.e.AbstractTransferListenerAdapter - Downloading https://repo.maven.apache.org/maven2/org/glassfish/jaxb/txw2/2.3.1/txw2-2.3.1.jar
2025-02-09 02:10:11,170 [Worker-88] INFO  o.e.m.c.i.e.AbstractTransferListenerAdapter - Downloaded https://repo.maven.apache.org/maven2/org/glassfish/jaxb/txw2/2.3.1/txw2-2.3.1.jar
2025-02-09 02:10:11,194 [Worker-88] INFO  o.e.m.c.i.e.AbstractTransferListenerAdapter - Downloading https://repo.maven.apache.org/maven2/com/sun/istack/istack-commons-runtime/3.0.7/istack-commons-runtime-3.0.7.jar
2025-02-09 02:10:11,666 [Worker-88] INFO  o.e.m.c.i.e.AbstractTransferListenerAdapter - Downloaded https://repo.maven.apache.org/maven2/com/sun/istack/istack-commons-runtime/3.0.7/istack-commons-runtime-3.0.7.jar
2025-02-09 02:10:11,694 [Worker-88] INFO  o.e.m.c.i.e.AbstractTransferListenerAdapter - Downloading https://repo.maven.apache.org/maven2/org/jvnet/staxex/stax-ex/1.8/stax-ex-1.8.jar
2025-02-09 02:10:12,203 [Worker-88] INFO  o.e.m.c.i.e.AbstractTransferListenerAdapter - Downloaded https://repo.maven.apache.org/maven2/org/jvnet/staxex/stax-ex/1.8/stax-ex-1.8.jar
2025-02-09 02:10:12,228 [Worker-88] INFO  o.e.m.c.i.e.AbstractTransferListenerAdapter - Downloading https://repo.maven.apache.org/maven2/com/sun/xml/fastinfoset/FastInfoset/1.2.15/FastInfoset-1.2.15.jar
2025-02-09 02:10:12,333 [Worker-88] INFO  o.e.m.c.i.e.AbstractTransferListenerAdapter - Downloaded https://repo.maven.apache.org/maven2/com/sun/xml/fastinfoset/FastInfoset/1.2.15/FastInfoset-1.2.15.jar
2025-02-09 02:10:12,362 [Worker-88] INFO  o.e.m.c.i.e.AbstractTransferListenerAdapter - Downloading https://repo.maven.apache.org/maven2/javax/persistence/javax.persistence-api/2.2/javax.persistence-api-2.2.jar
2025-02-09 02:10:12,447 [Worker-88] INFO  o.e.m.c.i.e.AbstractTransferListenerAdapter - Downloaded https://repo.maven.apache.org/maven2/javax/persistence/javax.persistence-api/2.2/javax.persistence-api-2.2.jar
2025-02-09 02:10:12,473 [Worker-88] INFO  o.e.m.c.i.e.AbstractTransferListenerAdapter - Downloading https://repo.maven.apache.org/maven2/org/hibernate/hibernate-entitymanager/5.6.15.Final/hibernate-entitymanager-5.6.15.Final.jar
2025-02-09 02:10:12,713 [Worker-88] INFO  o.e.m.c.i.e.AbstractTransferListenerAdapter - Downloaded https://repo.maven.apache.org/maven2/org/hibernate/hibernate-entitymanager/5.6.15.Final/hibernate-entitymanager-5.6.15.Final.jar
2025-02-09 02:10:18,914 [Worker-88] WARN  o.e.m.c.i.embedder.EclipseLogger - The artifact mysql:mysql-connector-java:jar:8.0.33 has been relocated to com.mysql:mysql-connector-j:jar:8.0.33
2025-02-09 02:10:20,728 [Worker-88] WARN  o.e.m.c.i.embedder.EclipseLogger - The artifact mysql:mysql-connector-java:jar:8.0.33 has been relocated to com.mysql:mysql-connector-j:jar:8.0.33
2025-02-09 02:10:22,180 [Worker-88] WARN  o.e.m.c.i.embedder.EclipseLogger - Using platform encoding (Cp1252 actually) to copy filtered resources, i.e. build is platform dependent!
2025-02-09 02:10:22,182 [Worker-88] INFO  o.e.m.c.i.embedder.EclipseLogger - Copying 0 resource
2025-02-09 02:10:22,183 [Worker-88] WARN  o.e.m.c.i.embedder.EclipseLogger - Using platform encoding (Cp1252 actually) to copy filtered resources, i.e. build is platform dependent!
2025-02-09 02:10:22,184 [Worker-88] INFO  o.e.m.c.i.embedder.EclipseLogger - skip non existing resourceDirectory C:\Users\brian\Escritorio\LP 3\LPII_CL2_ACU헤CAMPOSBRIAN\LPII_CL2_ACUNACAMPOSBRIAN\src\test\resources
2025-02-09 02:10:22,184 [Worker-88] INFO  o.e.m.w.i.f.ResourceFilteringBuildParticipant - Changed resources require a complete clean of filtered resources of LPII_CL2_ACUNACAMPOSBRIAN
2025-02-09 02:10:22,184 [Worker-88] INFO  o.e.m.w.i.f.ResourceFilteringBuildParticipant - Executing resource filtering for LPII_CL2_ACUNACAMPOSBRIAN
2025-02-09 02:10:22,187 [Worker-88] WARN  o.e.m.c.i.embedder.EclipseLogger - Using platform encoding (Cp1252 actually) to copy filtered resources, i.e. build is platform dependent!
2025-02-09 02:10:25,837 [Worker-91] WARN  o.e.m.c.i.embedder.EclipseLogger - The artifact mysql:mysql-connector-java:jar:8.0.33 has been relocated to com.mysql:mysql-connector-j:jar:8.0.33
2025-02-09 02:10:26,022 [Worker-91] WARN  o.e.m.c.i.embedder.EclipseLogger - Using platform encoding (Cp1252 actually) to copy filtered resources, i.e. build is platform dependent!
2025-02-09 02:10:26,024 [Worker-91] INFO  o.e.m.c.i.embedder.EclipseLogger - Copying 1 resource
2025-02-09 02:10:26,032 [Worker-91] WARN  o.e.m.c.i.embedder.EclipseLogger - Using platform encoding (Cp1252 actually) to copy filtered resources, i.e. build is platform dependent!
2025-02-09 02:10:26,033 [Worker-91] INFO  o.e.m.c.i.embedder.EclipseLogger - skip non existing resourceDirectory C:\Users\brian\Escritorio\LP 3\LPII_CL2_ACU헤CAMPOSBRIAN\LPII_CL2_ACUNACAMPOSBRIAN\src\test\resources
2025-02-09 02:13:08,427 [Worker-88] WARN  o.e.m.c.i.embedder.EclipseLogger - Using platform encoding (Cp1252 actually) to copy filtered resources, i.e. build is platform dependent!
2025-02-09 02:13:08,428 [Worker-88] INFO  o.e.m.c.i.embedder.EclipseLogger - Copying 1 resource
2025-02-09 02:13:08,429 [Worker-88] WARN  o.e.m.c.i.embedder.EclipseLogger - Using platform encoding (Cp1252 actually) to copy filtered resources, i.e. build is platform dependent!
2025-02-09 02:13:08,430 [Worker-88] INFO  o.e.m.c.i.embedder.EclipseLogger - skip non existing resourceDirectory C:\Users\brian\Escritorio\LP 3\LPII_CL2_ACU헤CAMPOSBRIAN\LPII_CL2_ACUNACAMPOSBRIAN\src\test\resources
2025-02-09 02:13:37,522 [Worker-95] WARN  o.e.m.c.i.embedder.EclipseLogger - Using platform encoding (Cp1252 actually) to copy filtered resources, i.e. build is platform dependent!
2025-02-09 02:13:37,523 [Worker-95] INFO  o.e.m.c.i.embedder.EclipseLogger - Copying 0 resource
2025-02-09 02:13:37,524 [Worker-95] WARN  o.e.m.c.i.embedder.EclipseLogger - Using platform encoding (Cp1252 actually) to copy filtered resources, i.e. build is platform dependent!
2025-02-09 02:13:37,524 [Worker-95] INFO  o.e.m.c.i.embedder.EclipseLogger - skip non existing resourceDirectory C:\Users\brian\Escritorio\LP 3\LPII_CL2_ACU헤CAMPOSBRIAN\LPII_CL2_ACUNACAMPOSBRIAN\src\test\resources
2025-02-09 02:13:49,476 [Worker-93] WARN  o.e.m.c.i.embedder.EclipseLogger - Using platform encoding (Cp1252 actually) to copy filtered resources, i.e. build is platform dependent!
2025-02-09 02:13:49,477 [Worker-93] INFO  o.e.m.c.i.embedder.EclipseLogger - Copying 0 resource
2025-02-09 02:13:49,478 [Worker-93] WARN  o.e.m.c.i.embedder.EclipseLogger - Using platform encoding (Cp1252 actually) to copy filtered resources, i.e. build is platform dependent!
2025-02-09 02:13:49,479 [Worker-93] INFO  o.e.m.c.i.embedder.EclipseLogger - skip non existing resourceDirectory C:\Users\brian\Escritorio\LP 3\LPII_CL2_ACU헤CAMPOSBRIAN\LPII_CL2_ACUNACAMPOSBRIAN\src\test\resources
2025-02-09 02:15:24,455 [Worker-93] WARN  o.e.m.c.i.embedder.EclipseLogger - Using platform encoding (Cp1252 actually) to copy filtered resources, i.e. build is platform dependent!
2025-02-09 02:15:24,456 [Worker-93] INFO  o.e.m.c.i.embedder.EclipseLogger - Copying 1 resource
2025-02-09 02:15:24,457 [Worker-93] WARN  o.e.m.c.i.embedder.EclipseLogger - Using platform encoding (Cp1252 actually) to copy filtered resources, i.e. build is platform dependent!
2025-02-09 02:15:24,458 [Worker-93] INFO  o.e.m.c.i.embedder.EclipseLogger - skip non existing resourceDirectory C:\Users\brian\Escritorio\LP 3\LPII_CL2_ACU헤CAMPOSBRIAN\LPII_CL2_ACUNACAMPOSBRIAN\src\test\resources
2025-02-09 02:17:33,619 [Worker-19] WARN  o.e.m.c.i.embedder.EclipseLogger - Using platform encoding (Cp1252 actually) to copy filtered resources, i.e. build is platform dependent!
2025-02-09 02:17:33,620 [Worker-19] INFO  o.e.m.c.i.embedder.EclipseLogger - Copying 0 resource
2025-02-09 02:17:33,620 [Worker-19] WARN  o.e.m.c.i.embedder.EclipseLogger - Using platform encoding (Cp1252 actually) to copy filtered resources, i.e. build is platform dependent!
2025-02-09 02:17:33,715 [Worker-19] INFO  o.e.m.c.i.embedder.EclipseLogger - skip non existing resourceDirectory C:\Users\brian\Escritorio\LP 3\LPII_CL2_ACU헤CAMPOSBRIAN\LPII_CL2_ACUNACAMPOSBRIAN\src\test\resources
2025-02-09 02:21:11,958 [Worker-93] WARN  o.e.m.c.i.embedder.EclipseLogger - Using platform encoding (Cp1252 actually) to copy filtered resources, i.e. build is platform dependent!
2025-02-09 02:21:11,959 [Worker-93] INFO  o.e.m.c.i.embedder.EclipseLogger - Copying 1 resource
2025-02-09 02:21:11,960 [Worker-93] WARN  o.e.m.c.i.embedder.EclipseLogger - Using platform encoding (Cp1252 actually) to copy filtered resources, i.e. build is platform dependent!
2025-02-09 02:21:11,961 [Worker-93] INFO  o.e.m.c.i.embedder.EclipseLogger - skip non existing resourceDirectory C:\Users\brian\Escritorio\LP 3\LPII_CL2_ACU헤CAMPOSBRIAN\LPII_CL2_ACUNACAMPOSBRIAN\src\test\resources
2025-02-09 02:23:19,499 [Worker-102] WARN  o.e.m.c.i.embedder.EclipseLogger - Using platform encoding (Cp1252 actually) to copy filtered resources, i.e. build is platform dependent!
2025-02-09 02:23:19,500 [Worker-102] INFO  o.e.m.c.i.embedder.EclipseLogger - Copying 1 resource
2025-02-09 02:23:19,501 [Worker-102] WARN  o.e.m.c.i.embedder.EclipseLogger - Using platform encoding (Cp1252 actually) to copy filtered resources, i.e. build is platform dependent!
2025-02-09 02:23:19,584 [Worker-102] INFO  o.e.m.c.i.embedder.EclipseLogger - skip non existing resourceDirectory C:\Users\brian\Escritorio\LP 3\LPII_CL2_ACU헤CAMPOSBRIAN\LPII_CL2_ACUNACAMPOSBRIAN\src\test\resources
2025-02-09 02:25:13,669 [Worker-104] WARN  o.e.m.c.i.embedder.EclipseLogger - Using platform encoding (Cp1252 actually) to copy filtered resources, i.e. build is platform dependent!
2025-02-09 02:25:13,670 [Worker-104] INFO  o.e.m.c.i.embedder.EclipseLogger - Copying 1 resource
2025-02-09 02:25:13,670 [Worker-104] WARN  o.e.m.c.i.embedder.EclipseLogger - Using platform encoding (Cp1252 actually) to copy filtered resources, i.e. build is platform dependent!
2025-02-09 02:25:13,753 [Worker-104] INFO  o.e.m.c.i.embedder.EclipseLogger - skip non existing resourceDirectory C:\Users\brian\Escritorio\LP 3\LPII_CL2_ACU헤CAMPOSBRIAN\LPII_CL2_ACUNACAMPOSBRIAN\src\test\resources
2025-02-09 02:30:12,290 [Worker-104] WARN  o.e.m.c.i.embedder.EclipseLogger - Using platform encoding (Cp1252 actually) to copy filtered resources, i.e. build is platform dependent!
2025-02-09 02:30:12,292 [Worker-104] INFO  o.e.m.c.i.embedder.EclipseLogger - Copying 1 resource
2025-02-09 02:30:12,292 [Worker-104] WARN  o.e.m.c.i.embedder.EclipseLogger - Using platform encoding (Cp1252 actually) to copy filtered resources, i.e. build is platform dependent!
2025-02-09 02:30:12,381 [Worker-104] INFO  o.e.m.c.i.embedder.EclipseLogger - skip non existing resourceDirectory C:\Users\brian\Escritorio\LP 3\LPII_CL2_ACU헤CAMPOSBRIAN\LPII_CL2_ACUNACAMPOSBRIAN\src\test\resources
2025-02-09 02:34:12,694 [Worker-104] WARN  o.e.m.c.i.embedder.EclipseLogger - Using platform encoding (Cp1252 actually) to copy filtered resources, i.e. build is platform dependent!
2025-02-09 02:34:12,695 [Worker-104] INFO  o.e.m.c.i.embedder.EclipseLogger - Copying 0 resource
2025-02-09 02:34:12,695 [Worker-104] WARN  o.e.m.c.i.embedder.EclipseLogger - Using platform encoding (Cp1252 actually) to copy filtered resources, i.e. build is platform dependent!
2025-02-09 02:34:12,766 [Worker-104] INFO  o.e.m.c.i.embedder.EclipseLogger - skip non existing resourceDirectory C:\Users\brian\Escritorio\LP 3\LPII_CL2_ACU헤CAMPOSBRIAN\LPII_CL2_ACUNACAMPOSBRIAN\src\test\resources
2025-02-09 02:35:53,386 [Worker-104] WARN  o.e.m.c.i.embedder.EclipseLogger - Using platform encoding (Cp1252 actually) to copy filtered resources, i.e. build is platform dependent!
2025-02-09 02:35:53,388 [Worker-104] INFO  o.e.m.c.i.embedder.EclipseLogger - Copying 1 resource
2025-02-09 02:35:53,389 [Worker-104] WARN  o.e.m.c.i.embedder.EclipseLogger - Using platform encoding (Cp1252 actually) to copy filtered resources, i.e. build is platform dependent!
2025-02-09 02:35:53,389 [Worker-104] INFO  o.e.m.c.i.embedder.EclipseLogger - skip non existing resourceDirectory C:\Users\brian\Escritorio\LP 3\LPII_CL2_ACU헤CAMPOSBRIAN\LPII_CL2_ACUNACAMPOSBRIAN\src\test\resources
2025-02-09 02:45:32,045 [Worker-110] WARN  o.e.m.c.i.embedder.EclipseLogger - Using platform encoding (Cp1252 actually) to copy filtered resources, i.e. build is platform dependent!
2025-02-09 02:45:32,046 [Worker-110] INFO  o.e.m.c.i.embedder.EclipseLogger - Copying 1 resource
2025-02-09 02:45:32,047 [Worker-110] WARN  o.e.m.c.i.embedder.EclipseLogger - Using platform encoding (Cp1252 actually) to copy filtered resources, i.e. build is platform dependent!
2025-02-09 02:45:32,138 [Worker-110] INFO  o.e.m.c.i.embedder.EclipseLogger - skip non existing resourceDirectory C:\Users\brian\Escritorio\LP 3\LPII_CL2_ACU헤CAMPOSBRIAN\LPII_CL2_ACUNACAMPOSBRIAN\src\test\resources
2025-02-09 02:57:18,107 [Worker-118] WARN  o.e.m.c.i.embedder.EclipseLogger - Using platform encoding (Cp1252 actually) to copy filtered resources, i.e. build is platform dependent!
2025-02-09 02:57:18,108 [Worker-118] INFO  o.e.m.c.i.embedder.EclipseLogger - Copying 1 resource
2025-02-09 02:57:18,110 [Worker-118] WARN  o.e.m.c.i.embedder.EclipseLogger - Using platform encoding (Cp1252 actually) to copy filtered resources, i.e. build is platform dependent!
2025-02-09 02:57:18,193 [Worker-118] INFO  o.e.m.c.i.embedder.EclipseLogger - skip non existing resourceDirectory C:\Users\brian\Escritorio\LP 3\LPII_CL2_ACU헤CAMPOSBRIAN\LPII_CL2_ACUNACAMPOSBRIAN\src\test\resources
2025-02-09 03:00:20,707 [Worker-126] WARN  o.e.m.c.i.embedder.EclipseLogger - Using platform encoding (Cp1252 actually) to copy filtered resources, i.e. build is platform dependent!
2025-02-09 03:00:20,708 [Worker-126] INFO  o.e.m.c.i.embedder.EclipseLogger - Copying 0 resource
2025-02-09 03:00:20,709 [Worker-126] WARN  o.e.m.c.i.embedder.EclipseLogger - Using platform encoding (Cp1252 actually) to copy filtered resources, i.e. build is platform dependent!
2025-02-09 03:00:20,710 [Worker-126] INFO  o.e.m.c.i.embedder.EclipseLogger - skip non existing resourceDirectory C:\Users\brian\Escritorio\LP 3\LPII_CL2_ACU헤CAMPOSBRIAN\LPII_CL2_ACUNACAMPOSBRIAN\src\test\resources
2025-02-09 03:00:31,707 [Worker-131] WARN  o.e.m.c.i.embedder.EclipseLogger - Using platform encoding (Cp1252 actually) to copy filtered resources, i.e. build is platform dependent!
2025-02-09 03:00:31,708 [Worker-131] INFO  o.e.m.c.i.embedder.EclipseLogger - Copying 0 resource
2025-02-09 03:00:31,711 [Worker-131] WARN  o.e.m.c.i.embedder.EclipseLogger - Using platform encoding (Cp1252 actually) to copy filtered resources, i.e. build is platform dependent!
2025-02-09 03:00:31,712 [Worker-131] INFO  o.e.m.c.i.embedder.EclipseLogger - skip non existing resourceDirectory C:\Users\brian\Escritorio\LP 3\LPII_CL2_ACU헤CAMPOSBRIAN\LPII_CL2_ACUNACAMPOSBRIAN\src\test\resources
2025-02-09 03:04:29,053 [Worker-110] WARN  o.e.m.c.i.embedder.EclipseLogger - Using platform encoding (Cp1252 actually) to copy filtered resources, i.e. build is platform dependent!
2025-02-09 03:04:29,054 [Worker-110] INFO  o.e.m.c.i.embedder.EclipseLogger - Copying 0 resource
2025-02-09 03:04:29,054 [Worker-110] WARN  o.e.m.c.i.embedder.EclipseLogger - Using platform encoding (Cp1252 actually) to copy filtered resources, i.e. build is platform dependent!
2025-02-09 03:04:29,055 [Worker-110] INFO  o.e.m.c.i.embedder.EclipseLogger - skip non existing resourceDirectory C:\Users\brian\Escritorio\LP 3\LPII_CL2_ACU헤CAMPOSBRIAN\LPII_CL2_ACUNACAMPOSBRIAN\src\test\resources
2025-02-09 03:10:32,218 [Worker-138] WARN  o.e.m.c.i.embedder.EclipseLogger - Using platform encoding (Cp1252 actually) to copy filtered resources, i.e. build is platform dependent!
2025-02-09 03:10:32,219 [Worker-138] INFO  o.e.m.c.i.embedder.EclipseLogger - Copying 1 resource
2025-02-09 03:10:32,220 [Worker-138] WARN  o.e.m.c.i.embedder.EclipseLogger - Using platform encoding (Cp1252 actually) to copy filtered resources, i.e. build is platform dependent!
2025-02-09 03:10:32,294 [Worker-138] INFO  o.e.m.c.i.embedder.EclipseLogger - skip non existing resourceDirectory C:\Users\brian\Escritorio\LP 3\LPII_CL2_ACU헤CAMPOSBRIAN\LPII_CL2_ACUNACAMPOSBRIAN\src\test\resources
2025-02-09 03:17:56,837 [Worker-140] WARN  o.e.m.c.i.embedder.EclipseLogger - Using platform encoding (Cp1252 actually) to copy filtered resources, i.e. build is platform dependent!
2025-02-09 03:17:56,838 [Worker-140] INFO  o.e.m.c.i.embedder.EclipseLogger - Copying 0 resource
2025-02-09 03:17:56,838 [Worker-140] WARN  o.e.m.c.i.embedder.EclipseLogger - Using platform encoding (Cp1252 actually) to copy filtered resources, i.e. build is platform dependent!
2025-02-09 03:17:56,920 [Worker-140] INFO  o.e.m.c.i.embedder.EclipseLogger - skip non existing resourceDirectory C:\Users\brian\Escritorio\LP 3\LPII_CL2_ACU헤CAMPOSBRIAN\LPII_CL2_ACUNACAMPOSBRIAN\src\test\resources
2025-02-09 03:21:16,064 [Worker-148] WARN  o.e.m.c.i.embedder.EclipseLogger - Using platform encoding (Cp1252 actually) to copy filtered resources, i.e. build is platform dependent!
2025-02-09 03:21:16,065 [Worker-148] INFO  o.e.m.c.i.embedder.EclipseLogger - Copying 0 resource
2025-02-09 03:21:16,065 [Worker-148] WARN  o.e.m.c.i.embedder.EclipseLogger - Using platform encoding (Cp1252 actually) to copy filtered resources, i.e. build is platform dependent!
2025-02-09 03:21:16,244 [Worker-148] INFO  o.e.m.c.i.embedder.EclipseLogger - skip non existing resourceDirectory C:\Users\brian\Escritorio\LP 3\LPII_CL2_ACU헤CAMPOSBRIAN\LPII_CL2_ACUNACAMPOSBRIAN\src\test\resources
2025-02-09 03:30:36,744 [Worker-154] WARN  o.e.m.c.i.embedder.EclipseLogger - Using platform encoding (Cp1252 actually) to copy filtered resources, i.e. build is platform dependent!
2025-02-09 03:30:36,767 [Worker-154] INFO  o.e.m.c.i.embedder.EclipseLogger - Copying 0 resource
2025-02-09 03:30:36,768 [Worker-154] WARN  o.e.m.c.i.embedder.EclipseLogger - Using platform encoding (Cp1252 actually) to copy filtered resources, i.e. build is platform dependent!
2025-02-09 03:30:36,768 [Worker-154] INFO  o.e.m.c.i.embedder.EclipseLogger - skip non existing resourceDirectory C:\Users\brian\Escritorio\LP 3\LPII_CL2_ACU헤CAMPOSBRIAN\LPII_CL2_ACUNACAMPOSBRIAN\src\test\resources
2025-02-09 03:49:27,734 [Worker-161] WARN  o.e.m.c.i.embedder.EclipseLogger - Using platform encoding (Cp1252 actually) to copy filtered resources, i.e. build is platform dependent!
2025-02-09 03:49:27,810 [Worker-161] INFO  o.e.m.c.i.embedder.EclipseLogger - Copying 1 resource
2025-02-09 03:49:27,811 [Worker-161] WARN  o.e.m.c.i.embedder.EclipseLogger - Using platform encoding (Cp1252 actually) to copy filtered resources, i.e. build is platform dependent!
2025-02-09 03:49:27,941 [Worker-161] INFO  o.e.m.c.i.embedder.EclipseLogger - skip non existing resourceDirectory C:\Users\brian\Escritorio\LP 3\LPII_CL2_ACU헤CAMPOSBRIAN\LPII_CL2_ACUNACAMPOSBRIAN\src\test\resources
2025-02-09 03:49:41,716 [Worker-163] WARN  o.e.m.c.i.embedder.EclipseLogger - Using platform encoding (Cp1252 actually) to copy filtered resources, i.e. build is platform dependent!
2025-02-09 03:49:41,717 [Worker-163] INFO  o.e.m.c.i.embedder.EclipseLogger - Copying 1 resource
2025-02-09 03:49:41,718 [Worker-163] WARN  o.e.m.c.i.embedder.EclipseLogger - Using platform encoding (Cp1252 actually) to copy filtered resources, i.e. build is platform dependent!
2025-02-09 03:49:41,719 [Worker-163] INFO  o.e.m.c.i.embedder.EclipseLogger - skip non existing resourceDirectory C:\Users\brian\Escritorio\LP 3\LPII_CL2_ACU헤CAMPOSBRIAN\LPII_CL2_ACUNACAMPOSBRIAN\src\test\resources
2025-02-09 03:49:44,653 [Worker-161] WARN  o.e.m.c.i.embedder.EclipseLogger - Using platform encoding (Cp1252 actually) to copy filtered resources, i.e. build is platform dependent!
2025-02-09 03:49:44,655 [Worker-161] INFO  o.e.m.c.i.embedder.EclipseLogger - Copying 1 resource
2025-02-09 03:49:44,656 [Worker-161] WARN  o.e.m.c.i.embedder.EclipseLogger - Using platform encoding (Cp1252 actually) to copy filtered resources, i.e. build is platform dependent!
2025-02-09 03:49:44,657 [Worker-161] INFO  o.e.m.c.i.embedder.EclipseLogger - skip non existing resourceDirectory C:\Users\brian\Escritorio\LP 3\LPII_CL2_ACU헤CAMPOSBRIAN\LPII_CL2_ACUNACAMPOSBRIAN\src\test\resources
2025-02-09 03:49:59,192 [Worker-159] WARN  o.e.m.c.i.embedder.EclipseLogger - Using platform encoding (Cp1252 actually) to copy filtered resources, i.e. build is platform dependent!
2025-02-09 03:49:59,193 [Worker-159] INFO  o.e.m.c.i.embedder.EclipseLogger - Copying 1 resource
2025-02-09 03:49:59,414 [Worker-159] WARN  o.e.m.c.i.embedder.EclipseLogger - Using platform encoding (Cp1252 actually) to copy filtered resources, i.e. build is platform dependent!
2025-02-09 03:49:59,415 [Worker-159] INFO  o.e.m.c.i.embedder.EclipseLogger - skip non existing resourceDirectory C:\Users\brian\Escritorio\LP 3\LPII_CL2_ACU헤CAMPOSBRIAN\LPII_CL2_ACUNACAMPOSBRIAN\src\test\resources
2025-02-09 03:50:29,469 [Worker-159] WARN  o.e.m.c.i.embedder.EclipseLogger - Using platform encoding (Cp1252 actually) to copy filtered resources, i.e. build is platform dependent!
2025-02-09 03:50:29,470 [Worker-159] INFO  o.e.m.c.i.embedder.EclipseLogger - Copying 0 resource
2025-02-09 03:50:29,470 [Worker-159] WARN  o.e.m.c.i.embedder.EclipseLogger - Using platform encoding (Cp1252 actually) to copy filtered resources, i.e. build is platform dependent!
2025-02-09 03:50:29,558 [Worker-159] INFO  o.e.m.c.i.embedder.EclipseLogger - skip non existing resourceDirectory C:\Users\brian\Escritorio\LP 3\LPII_CL2_ACU헤CAMPOSBRIAN\LPII_CL2_ACUNACAMPOSBRIAN\src\test\resources
2025-02-09 03:58:40,807 [Worker-173] WARN  o.e.m.c.i.embedder.EclipseLogger - Using platform encoding (Cp1252 actually) to copy filtered resources, i.e. build is platform dependent!
2025-02-09 03:58:40,862 [Worker-173] INFO  o.e.m.c.i.embedder.EclipseLogger - Copying 1 resource
2025-02-09 03:58:40,863 [Worker-173] WARN  o.e.m.c.i.embedder.EclipseLogger - Using platform encoding (Cp1252 actually) to copy filtered resources, i.e. build is platform dependent!
2025-02-09 03:58:40,990 [Worker-173] INFO  o.e.m.c.i.embedder.EclipseLogger - skip non existing resourceDirectory C:\Users\brian\Escritorio\LP 3\LPII_CL2_ACU헤CAMPOSBRIAN\LPII_CL2_ACUNACAMPOSBRIAN\src\test\resources
2025-02-09 03:58:52,501 [Worker-175] WARN  o.e.m.c.i.embedder.EclipseLogger - Using platform encoding (Cp1252 actually) to copy filtered resources, i.e. build is platform dependent!
2025-02-09 03:58:52,503 [Worker-175] INFO  o.e.m.c.i.embedder.EclipseLogger - Copying 1 resource
2025-02-09 03:58:52,503 [Worker-175] WARN  o.e.m.c.i.embedder.EclipseLogger - Using platform encoding (Cp1252 actually) to copy filtered resources, i.e. build is platform dependent!
2025-02-09 03:58:52,504 [Worker-175] INFO  o.e.m.c.i.embedder.EclipseLogger - skip non existing resourceDirectory C:\Users\brian\Escritorio\LP 3\LPII_CL2_ACU헤CAMPOSBRIAN\LPII_CL2_ACUNACAMPOSBRIAN\src\test\resources
2025-02-09 04:05:35,498 [Worker-171] WARN  o.e.m.c.i.embedder.EclipseLogger - Using platform encoding (Cp1252 actually) to copy filtered resources, i.e. build is platform dependent!
2025-02-09 04:05:35,519 [Worker-171] INFO  o.e.m.c.i.embedder.EclipseLogger - Copying 0 resource
2025-02-09 04:05:35,800 [Worker-171] WARN  o.e.m.c.i.embedder.EclipseLogger - Using platform encoding (Cp1252 actually) to copy filtered resources, i.e. build is platform dependent!
2025-02-09 04:05:35,801 [Worker-171] INFO  o.e.m.c.i.embedder.EclipseLogger - skip non existing resourceDirectory C:\Users\brian\Escritorio\LP 3\LPII_CL2_ACU헤CAMPOSBRIAN\LPII_CL2_ACUNACAMPOSBRIAN\src\test\resources
2025-02-09 04:07:13,203 [Worker-173] WARN  o.e.m.c.i.embedder.EclipseLogger - Using platform encoding (Cp1252 actually) to copy filtered resources, i.e. build is platform dependent!
2025-02-09 04:07:13,204 [Worker-173] INFO  o.e.m.c.i.embedder.EclipseLogger - Copying 0 resource
2025-02-09 04:07:13,205 [Worker-173] WARN  o.e.m.c.i.embedder.EclipseLogger - Using platform encoding (Cp1252 actually) to copy filtered resources, i.e. build is platform dependent!
2025-02-09 04:07:13,205 [Worker-173] INFO  o.e.m.c.i.embedder.EclipseLogger - skip non existing resourceDirectory C:\Users\brian\Escritorio\LP 3\LPII_CL2_ACU헤CAMPOSBRIAN\LPII_CL2_ACUNACAMPOSBRIAN\src\test\resources
2025-02-09 04:09:00,315 [Worker-171] WARN  o.e.m.c.i.embedder.EclipseLogger - Using platform encoding (Cp1252 actually) to copy filtered resources, i.e. build is platform dependent!
2025-02-09 04:09:00,316 [Worker-171] INFO  o.e.m.c.i.embedder.EclipseLogger - Copying 0 resource
2025-02-09 04:09:00,317 [Worker-171] WARN  o.e.m.c.i.embedder.EclipseLogger - Using platform encoding (Cp1252 actually) to copy filtered resources, i.e. build is platform dependent!
2025-02-09 04:09:00,318 [Worker-171] INFO  o.e.m.c.i.embedder.EclipseLogger - skip non existing resourceDirectory C:\Users\brian\Escritorio\LP 3\LPII_CL2_ACU헤CAMPOSBRIAN\LPII_CL2_ACUNACAMPOSBRIAN\src\test\resources
2025-02-09 04:09:02,487 [Worker-166] WARN  o.e.m.c.i.embedder.EclipseLogger - Using platform encoding (Cp1252 actually) to copy filtered resources, i.e. build is platform dependent!
2025-02-09 04:09:02,488 [Worker-166] INFO  o.e.m.c.i.embedder.EclipseLogger - Copying 0 resource
2025-02-09 04:09:02,489 [Worker-166] WARN  o.e.m.c.i.embedder.EclipseLogger - Using platform encoding (Cp1252 actually) to copy filtered resources, i.e. build is platform dependent!
2025-02-09 04:09:02,494 [Worker-166] INFO  o.e.m.c.i.embedder.EclipseLogger - skip non existing resourceDirectory C:\Users\brian\Escritorio\LP 3\LPII_CL2_ACU헤CAMPOSBRIAN\LPII_CL2_ACUNACAMPOSBRIAN\src\test\resources
2025-02-09 04:09:06,880 [Worker-174] WARN  o.e.m.c.i.embedder.EclipseLogger - Using platform encoding (Cp1252 actually) to copy filtered resources, i.e. build is platform dependent!
2025-02-09 04:09:06,881 [Worker-174] INFO  o.e.m.c.i.embedder.EclipseLogger - Copying 0 resource
2025-02-09 04:09:06,882 [Worker-174] WARN  o.e.m.c.i.embedder.EclipseLogger - Using platform encoding (Cp1252 actually) to copy filtered resources, i.e. build is platform dependent!
2025-02-09 04:09:06,883 [Worker-174] INFO  o.e.m.c.i.embedder.EclipseLogger - skip non existing resourceDirectory C:\Users\brian\Escritorio\LP 3\LPII_CL2_ACU헤CAMPOSBRIAN\LPII_CL2_ACUNACAMPOSBRIAN\src\test\resources
2025-02-09 04:09:14,442 [Worker-171] WARN  o.e.m.c.i.embedder.EclipseLogger - Using platform encoding (Cp1252 actually) to copy filtered resources, i.e. build is platform dependent!
2025-02-09 04:09:14,443 [Worker-171] INFO  o.e.m.c.i.embedder.EclipseLogger - Copying 0 resource
2025-02-09 04:09:14,443 [Worker-171] WARN  o.e.m.c.i.embedder.EclipseLogger - Using platform encoding (Cp1252 actually) to copy filtered resources, i.e. build is platform dependent!
2025-02-09 04:09:14,444 [Worker-171] INFO  o.e.m.c.i.embedder.EclipseLogger - skip non existing resourceDirectory C:\Users\brian\Escritorio\LP 3\LPII_CL2_ACU헤CAMPOSBRIAN\LPII_CL2_ACUNACAMPOSBRIAN\src\test\resources
2025-02-09 04:09:21,123 [Worker-173] WARN  o.e.m.c.i.embedder.EclipseLogger - Using platform encoding (Cp1252 actually) to copy filtered resources, i.e. build is platform dependent!
2025-02-09 04:09:21,124 [Worker-173] INFO  o.e.m.c.i.embedder.EclipseLogger - Copying 0 resource
2025-02-09 04:09:21,125 [Worker-173] WARN  o.e.m.c.i.embedder.EclipseLogger - Using platform encoding (Cp1252 actually) to copy filtered resources, i.e. build is platform dependent!
2025-02-09 04:09:21,125 [Worker-173] INFO  o.e.m.c.i.embedder.EclipseLogger - skip non existing resourceDirectory C:\Users\brian\Escritorio\LP 3\LPII_CL2_ACU헤CAMPOSBRIAN\LPII_CL2_ACUNACAMPOSBRIAN\src\test\resources
2025-02-09 04:09:26,433 [Worker-173] WARN  o.e.m.c.i.embedder.EclipseLogger - Using platform encoding (Cp1252 actually) to copy filtered resources, i.e. build is platform dependent!
2025-02-09 04:09:26,434 [Worker-173] INFO  o.e.m.c.i.embedder.EclipseLogger - Copying 0 resource
2025-02-09 04:09:26,434 [Worker-173] WARN  o.e.m.c.i.embedder.EclipseLogger - Using platform encoding (Cp1252 actually) to copy filtered resources, i.e. build is platform dependent!
2025-02-09 04:09:26,435 [Worker-173] INFO  o.e.m.c.i.embedder.EclipseLogger - skip non existing resourceDirectory C:\Users\brian\Escritorio\LP 3\LPII_CL2_ACU헤CAMPOSBRIAN\LPII_CL2_ACUNACAMPOSBRIAN\src\test\resources
2025-02-09 04:09:56,794 [Worker-171] WARN  o.e.m.c.i.embedder.EclipseLogger - Using platform encoding (Cp1252 actually) to copy filtered resources, i.e. build is platform dependent!
2025-02-09 04:09:56,795 [Worker-171] INFO  o.e.m.c.i.embedder.EclipseLogger - Copying 0 resource
2025-02-09 04:09:56,796 [Worker-171] WARN  o.e.m.c.i.embedder.EclipseLogger - Using platform encoding (Cp1252 actually) to copy filtered resources, i.e. build is platform dependent!
2025-02-09 04:09:56,796 [Worker-171] INFO  o.e.m.c.i.embedder.EclipseLogger - skip non existing resourceDirectory C:\Users\brian\Escritorio\LP 3\LPII_CL2_ACU헤CAMPOSBRIAN\LPII_CL2_ACUNACAMPOSBRIAN\src\test\resources
2025-02-09 04:10:01,759 [Worker-176] WARN  o.e.m.c.i.embedder.EclipseLogger - Using platform encoding (Cp1252 actually) to copy filtered resources, i.e. build is platform dependent!
2025-02-09 04:10:01,760 [Worker-176] INFO  o.e.m.c.i.embedder.EclipseLogger - Copying 0 resource
2025-02-09 04:10:01,788 [Worker-176] WARN  o.e.m.c.i.embedder.EclipseLogger - Using platform encoding (Cp1252 actually) to copy filtered resources, i.e. build is platform dependent!
2025-02-09 04:10:01,789 [Worker-176] INFO  o.e.m.c.i.embedder.EclipseLogger - skip non existing resourceDirectory C:\Users\brian\Escritorio\LP 3\LPII_CL2_ACU헤CAMPOSBRIAN\LPII_CL2_ACUNACAMPOSBRIAN\src\test\resources
2025-02-09 04:10:07,193 [Worker-168] WARN  o.e.m.c.i.embedder.EclipseLogger - Using platform encoding (Cp1252 actually) to copy filtered resources, i.e. build is platform dependent!
2025-02-09 04:10:07,194 [Worker-168] INFO  o.e.m.c.i.embedder.EclipseLogger - Copying 0 resource
2025-02-09 04:10:07,195 [Worker-168] WARN  o.e.m.c.i.embedder.EclipseLogger - Using platform encoding (Cp1252 actually) to copy filtered resources, i.e. build is platform dependent!
2025-02-09 04:10:07,195 [Worker-168] INFO  o.e.m.c.i.embedder.EclipseLogger - skip non existing resourceDirectory C:\Users\brian\Escritorio\LP 3\LPII_CL2_ACU헤CAMPOSBRIAN\LPII_CL2_ACUNACAMPOSBRIAN\src\test\resources
2025-02-09 04:10:11,857 [Worker-163] WARN  o.e.m.c.i.embedder.EclipseLogger - Using platform encoding (Cp1252 actually) to copy filtered resources, i.e. build is platform dependent!
2025-02-09 04:10:11,858 [Worker-163] INFO  o.e.m.c.i.embedder.EclipseLogger - Copying 0 resource
2025-02-09 04:10:11,859 [Worker-163] WARN  o.e.m.c.i.embedder.EclipseLogger - Using platform encoding (Cp1252 actually) to copy filtered resources, i.e. build is platform dependent!
2025-02-09 04:10:11,859 [Worker-163] INFO  o.e.m.c.i.embedder.EclipseLogger - skip non existing resourceDirectory C:\Users\brian\Escritorio\LP 3\LPII_CL2_ACU헤CAMPOSBRIAN\LPII_CL2_ACUNACAMPOSBRIAN\src\test\resources
